0 info it worked if it ends with ok
1 verbose cli [ '/Users/jonathanligh/.nvm/versions/node/v5.0.0/bin/node',
1 verbose cli   '/Users/jonathanligh/.nvm/versions/node/v5.0.0/bin/npm',
1 verbose cli   'install' ]
2 info using npm@3.3.6
3 info using node@v5.0.0
4 silly loadCurrentTree Starting
5 silly install loadCurrentTree
6 silly install readLocalPackageData
7 silly install normalizeTree
8 silly loadCurrentTree Finishing
9 silly loadIdealTree Starting
10 silly install loadIdealTree
11 silly cloneCurrentTree Starting
12 silly install cloneCurrentTreeToIdealTree
13 silly cloneCurrentTree Finishing
14 silly loadShrinkwrap Starting
15 silly install loadShrinkwrap
16 silly loadShrinkwrap Finishing
17 silly loadAllDepsIntoIdealTree Starting
18 silly install loadAllDepsIntoIdealTree
19 silly fetchNamedPackageData pg-native
20 silly mapToRegistry name pg-native
21 silly mapToRegistry using default registry
22 silly mapToRegistry registry https://registry.npmjs.org/
23 silly mapToRegistry uri https://registry.npmjs.org/pg-native
24 verbose request uri https://registry.npmjs.org/pg-native
25 verbose request no auth needed
26 info attempt registry request try #1 at 5:20:35 PM
27 verbose request id ccdb0ed4456e9486
28 verbose etag "3VIP3RBVC5O70N6TWDKB0QUPF"
29 http request GET https://registry.npmjs.org/pg-native
30 http 304 https://registry.npmjs.org/pg-native
31 verbose headers { date: 'Mon, 27 Jun 2016 21:20:36 GMT',
31 verbose headers   via: '1.1 varnish',
31 verbose headers   'cache-control': 'max-age=300',
31 verbose headers   etag: '"3VIP3RBVC5O70N6TWDKB0QUPF"',
31 verbose headers   age: '112',
31 verbose headers   connection: 'keep-alive',
31 verbose headers   'x-served-by': 'cache-jfk1047-JFK',
31 verbose headers   'x-cache': 'HIT',
31 verbose headers   'x-cache-hits': '1',
31 verbose headers   'x-timer': 'S1467062436.052201,VS0,VE0',
31 verbose headers   vary: 'Accept-Encoding' }
32 silly get cb [ 304,
32 silly get   { date: 'Mon, 27 Jun 2016 21:20:36 GMT',
32 silly get     via: '1.1 varnish',
32 silly get     'cache-control': 'max-age=300',
32 silly get     etag: '"3VIP3RBVC5O70N6TWDKB0QUPF"',
32 silly get     age: '112',
32 silly get     connection: 'keep-alive',
32 silly get     'x-served-by': 'cache-jfk1047-JFK',
32 silly get     'x-cache': 'HIT',
32 silly get     'x-cache-hits': '1',
32 silly get     'x-timer': 'S1467062436.052201,VS0,VE0',
32 silly get     vary: 'Accept-Encoding' } ]
33 verbose etag https://registry.npmjs.org/pg-native from cache
34 verbose get saving pg-native to /Users/jonathanligh/.npm/registry.npmjs.org/pg-native/.cache.json
35 silly resolveWithNewModule pg-native@1.10.0 checking installable status
36 silly cache add args [ 'pg-native@~1.10.0', null ]
37 verbose cache add spec pg-native@~1.10.0
38 silly cache add parsed spec Result {
38 silly cache add   raw: 'pg-native@~1.10.0',
38 silly cache add   scope: null,
38 silly cache add   name: 'pg-native',
38 silly cache add   rawSpec: '~1.10.0',
38 silly cache add   spec: '>=1.10.0 <1.11.0',
38 silly cache add   type: 'range' }
39 silly addNamed pg-native@>=1.10.0 <1.11.0
40 verbose addNamed ">=1.10.0 <1.11.0" is a valid semver range for pg-native
41 silly addNameRange { name: 'pg-native', range: '>=1.10.0 <1.11.0', hasData: false }
42 silly mapToRegistry name pg-native
43 silly mapToRegistry using default registry
44 silly mapToRegistry registry https://registry.npmjs.org/
45 silly mapToRegistry uri https://registry.npmjs.org/pg-native
46 verbose addNameRange registry:https://registry.npmjs.org/pg-native not in flight; fetching
47 verbose get https://registry.npmjs.org/pg-native not expired, no request
48 silly addNameRange number 2 { name: 'pg-native', range: '>=1.10.0 <1.11.0', hasData: true }
49 silly addNameRange versions [ 'pg-native',
49 silly addNameRange   [ '0.0.1',
49 silly addNameRange     '0.0.2',
49 silly addNameRange     '0.1.0',
49 silly addNameRange     '0.2.0',
49 silly addNameRange     '0.3.0',
49 silly addNameRange     '0.4.0',
49 silly addNameRange     '0.4.1',
49 silly addNameRange     '0.5.0',
49 silly addNameRange     '0.5.1',
49 silly addNameRange     '0.5.2',
49 silly addNameRange     '1.0.0',
49 silly addNameRange     '1.0.1',
49 silly addNameRange     '1.0.2',
49 silly addNameRange     '1.0.3',
49 silly addNameRange     '1.1.0',
49 silly addNameRange     '1.2.0',
49 silly addNameRange     '1.3.0',
49 silly addNameRange     '1.4.0',
49 silly addNameRange     '1.4.1',
49 silly addNameRange     '1.4.2',
49 silly addNameRange     '1.4.3',
49 silly addNameRange     '1.5.0',
49 silly addNameRange     '1.7.2',
49 silly addNameRange     '1.7.3',
49 silly addNameRange     '1.8.0',
49 silly addNameRange     '1.8.1',
49 silly addNameRange     '1.9.0',
49 silly addNameRange     '1.10.0' ] ]
50 silly addNamed pg-native@1.10.0
51 verbose addNamed "1.10.0" is a plain semver version for pg-native
52 silly cache afterAdd pg-native@1.10.0
53 verbose afterAdd /Users/jonathanligh/.npm/pg-native/1.10.0/package/package.json not in flight; writing
54 verbose afterAdd /Users/jonathanligh/.npm/pg-native/1.10.0/package/package.json written
55 silly fetchNamedPackageData libpq
56 silly mapToRegistry name libpq
57 silly mapToRegistry using default registry
58 silly mapToRegistry registry https://registry.npmjs.org/
59 silly mapToRegistry uri https://registry.npmjs.org/libpq
60 silly fetchNamedPackageData pg-types
61 silly mapToRegistry name pg-types
62 silly mapToRegistry using default registry
63 silly mapToRegistry registry https://registry.npmjs.org/
64 silly mapToRegistry uri https://registry.npmjs.org/pg-types
65 verbose request uri https://registry.npmjs.org/pg-types
66 verbose request no auth needed
67 info attempt registry request try #1 at 5:20:36 PM
68 verbose etag "3S1GJ0XK5L0WUMKE99SRPVCWB"
69 http request GET https://registry.npmjs.org/pg-types
70 verbose request uri https://registry.npmjs.org/libpq
71 verbose request no auth needed
72 info attempt registry request try #1 at 5:20:36 PM
73 verbose etag "3MNRPWV82PIWUXHFZL753YU9V"
74 http request GET https://registry.npmjs.org/libpq
75 http 304 https://registry.npmjs.org/libpq
76 verbose headers { date: 'Mon, 27 Jun 2016 21:20:36 GMT',
76 verbose headers   via: '1.1 varnish',
76 verbose headers   'cache-control': 'max-age=300',
76 verbose headers   etag: '"3MNRPWV82PIWUXHFZL753YU9V"',
76 verbose headers   age: '110',
76 verbose headers   connection: 'keep-alive',
76 verbose headers   'x-served-by': 'cache-jfk1020-JFK',
76 verbose headers   'x-cache': 'HIT',
76 verbose headers   'x-cache-hits': '1',
76 verbose headers   'x-timer': 'S1467062436.185712,VS0,VE0',
76 verbose headers   vary: 'Accept-Encoding' }
77 silly get cb [ 304,
77 silly get   { date: 'Mon, 27 Jun 2016 21:20:36 GMT',
77 silly get     via: '1.1 varnish',
77 silly get     'cache-control': 'max-age=300',
77 silly get     etag: '"3MNRPWV82PIWUXHFZL753YU9V"',
77 silly get     age: '110',
77 silly get     connection: 'keep-alive',
77 silly get     'x-served-by': 'cache-jfk1020-JFK',
77 silly get     'x-cache': 'HIT',
77 silly get     'x-cache-hits': '1',
77 silly get     'x-timer': 'S1467062436.185712,VS0,VE0',
77 silly get     vary: 'Accept-Encoding' } ]
78 verbose etag https://registry.npmjs.org/libpq from cache
79 verbose get saving libpq to /Users/jonathanligh/.npm/registry.npmjs.org/libpq/.cache.json
80 http 304 https://registry.npmjs.org/pg-types
81 verbose headers { date: 'Mon, 27 Jun 2016 21:20:36 GMT',
81 verbose headers   via: '1.1 varnish',
81 verbose headers   'cache-control': 'max-age=300',
81 verbose headers   etag: '"3S1GJ0XK5L0WUMKE99SRPVCWB"',
81 verbose headers   age: '239',
81 verbose headers   connection: 'keep-alive',
81 verbose headers   'x-served-by': 'cache-jfk1020-JFK',
81 verbose headers   'x-cache': 'HIT',
81 verbose headers   'x-cache-hits': '3',
81 verbose headers   'x-timer': 'S1467062436.185036,VS0,VE0',
81 verbose headers   vary: 'Accept-Encoding' }
82 silly get cb [ 304,
82 silly get   { date: 'Mon, 27 Jun 2016 21:20:36 GMT',
82 silly get     via: '1.1 varnish',
82 silly get     'cache-control': 'max-age=300',
82 silly get     etag: '"3S1GJ0XK5L0WUMKE99SRPVCWB"',
82 silly get     age: '239',
82 silly get     connection: 'keep-alive',
82 silly get     'x-served-by': 'cache-jfk1020-JFK',
82 silly get     'x-cache': 'HIT',
82 silly get     'x-cache-hits': '3',
82 silly get     'x-timer': 'S1467062436.185036,VS0,VE0',
82 silly get     vary: 'Accept-Encoding' } ]
83 verbose etag https://registry.npmjs.org/pg-types from cache
84 verbose get saving pg-types to /Users/jonathanligh/.npm/registry.npmjs.org/pg-types/.cache.json
85 silly resolveWithNewModule pg-types@1.6.0 checking installable status
86 silly cache add args [ 'pg-types@1.6.0', null ]
87 verbose cache add spec pg-types@1.6.0
88 silly cache add parsed spec Result {
88 silly cache add   raw: 'pg-types@1.6.0',
88 silly cache add   scope: null,
88 silly cache add   name: 'pg-types',
88 silly cache add   rawSpec: '1.6.0',
88 silly cache add   spec: '1.6.0',
88 silly cache add   type: 'version' }
89 silly addNamed pg-types@1.6.0
90 verbose addNamed "1.6.0" is a plain semver version for pg-types
91 silly mapToRegistry name pg-types
92 silly mapToRegistry using default registry
93 silly mapToRegistry registry https://registry.npmjs.org/
94 silly mapToRegistry uri https://registry.npmjs.org/pg-types
95 verbose addNameVersion registry:https://registry.npmjs.org/pg-types not in flight; fetching
96 verbose get https://registry.npmjs.org/pg-types not expired, no request
97 silly resolveWithNewModule libpq@1.8.3 checking installable status
98 silly cache add args [ 'libpq@^1.7.0', null ]
99 verbose cache add spec libpq@^1.7.0
100 silly cache add parsed spec Result {
100 silly cache add   raw: 'libpq@^1.7.0',
100 silly cache add   scope: null,
100 silly cache add   name: 'libpq',
100 silly cache add   rawSpec: '^1.7.0',
100 silly cache add   spec: '>=1.7.0 <2.0.0',
100 silly cache add   type: 'range' }
101 silly addNamed libpq@>=1.7.0 <2.0.0
102 verbose addNamed ">=1.7.0 <2.0.0" is a valid semver range for libpq
103 silly addNameRange { name: 'libpq', range: '>=1.7.0 <2.0.0', hasData: false }
104 silly mapToRegistry name libpq
105 silly mapToRegistry using default registry
106 silly mapToRegistry registry https://registry.npmjs.org/
107 silly mapToRegistry uri https://registry.npmjs.org/libpq
108 verbose addNameRange registry:https://registry.npmjs.org/libpq not in flight; fetching
109 silly cache afterAdd pg-types@1.6.0
110 verbose afterAdd /Users/jonathanligh/.npm/pg-types/1.6.0/package/package.json not in flight; writing
111 verbose get https://registry.npmjs.org/libpq not expired, no request
112 silly addNameRange number 2 { name: 'libpq', range: '>=1.7.0 <2.0.0', hasData: true }
113 silly addNameRange versions [ 'libpq',
113 silly addNameRange   [ '0.2.0',
113 silly addNameRange     '0.2.1',
113 silly addNameRange     '0.2.2',
113 silly addNameRange     '0.2.3',
113 silly addNameRange     '0.2.4',
113 silly addNameRange     '0.2.5',
113 silly addNameRange     '0.3.0',
113 silly addNameRange     '0.4.0',
113 silly addNameRange     '0.4.1',
113 silly addNameRange     '0.5.0',
113 silly addNameRange     '0.5.1',
113 silly addNameRange     '0.5.2',
113 silly addNameRange     '0.5.3',
113 silly addNameRange     '1.0.0',
113 silly addNameRange     '1.0.1',
113 silly addNameRange     '1.1.0',
113 silly addNameRange     '1.2.0',
113 silly addNameRange     '1.2.1',
113 silly addNameRange     '1.3.0',
113 silly addNameRange     '1.3.1',
113 silly addNameRange     '1.4.0',
113 silly addNameRange     '1.4.1',
113 silly addNameRange     '1.4.2',
113 silly addNameRange     '1.5.1',
113 silly addNameRange     '1.6.0',
113 silly addNameRange     '1.6.1',
113 silly addNameRange     '1.6.2',
113 silly addNameRange     '1.6.3',
113 silly addNameRange     '1.6.4',
113 silly addNameRange     '1.7.0',
113 silly addNameRange     '1.8.0',
113 silly addNameRange     '1.8.1',
113 silly addNameRange     '1.8.2',
113 silly addNameRange     '1.8.3' ] ]
114 silly addNamed libpq@1.8.3
115 verbose addNamed "1.8.3" is a plain semver version for libpq
116 silly cache afterAdd libpq@1.8.3
117 verbose afterAdd /Users/jonathanligh/.npm/libpq/1.8.3/package/package.json not in flight; writing
118 verbose afterAdd /Users/jonathanligh/.npm/pg-types/1.6.0/package/package.json written
119 verbose afterAdd /Users/jonathanligh/.npm/libpq/1.8.3/package/package.json written
120 silly fetchNamedPackageData bindings
121 silly mapToRegistry name bindings
122 silly mapToRegistry using default registry
123 silly mapToRegistry registry https://registry.npmjs.org/
124 silly mapToRegistry uri https://registry.npmjs.org/bindings
125 verbose request uri https://registry.npmjs.org/bindings
126 verbose request no auth needed
127 info attempt registry request try #1 at 5:20:36 PM
128 verbose etag "33TX4J3DNTGF7K41ZUV6OA182"
129 http request GET https://registry.npmjs.org/bindings
130 http 304 https://registry.npmjs.org/bindings
131 verbose headers { date: 'Mon, 27 Jun 2016 21:20:36 GMT',
131 verbose headers   via: '1.1 varnish',
131 verbose headers   'cache-control': 'max-age=300',
131 verbose headers   etag: '"33TX4J3DNTGF7K41ZUV6OA182"',
131 verbose headers   age: '142',
131 verbose headers   connection: 'keep-alive',
131 verbose headers   'x-served-by': 'cache-jfk1032-JFK',
131 verbose headers   'x-cache': 'HIT',
131 verbose headers   'x-cache-hits': '3',
131 verbose headers   'x-timer': 'S1467062436.244013,VS0,VE0',
131 verbose headers   vary: 'Accept-Encoding' }
132 silly get cb [ 304,
132 silly get   { date: 'Mon, 27 Jun 2016 21:20:36 GMT',
132 silly get     via: '1.1 varnish',
132 silly get     'cache-control': 'max-age=300',
132 silly get     etag: '"33TX4J3DNTGF7K41ZUV6OA182"',
132 silly get     age: '142',
132 silly get     connection: 'keep-alive',
132 silly get     'x-served-by': 'cache-jfk1032-JFK',
132 silly get     'x-cache': 'HIT',
132 silly get     'x-cache-hits': '3',
132 silly get     'x-timer': 'S1467062436.244013,VS0,VE0',
132 silly get     vary: 'Accept-Encoding' } ]
133 verbose etag https://registry.npmjs.org/bindings from cache
134 verbose get saving bindings to /Users/jonathanligh/.npm/registry.npmjs.org/bindings/.cache.json
135 silly resolveWithNewModule bindings@1.2.1 checking installable status
136 silly cache add args [ 'bindings@1.2.1', null ]
137 verbose cache add spec bindings@1.2.1
138 silly cache add parsed spec Result {
138 silly cache add   raw: 'bindings@1.2.1',
138 silly cache add   scope: null,
138 silly cache add   name: 'bindings',
138 silly cache add   rawSpec: '1.2.1',
138 silly cache add   spec: '1.2.1',
138 silly cache add   type: 'version' }
139 silly addNamed bindings@1.2.1
140 verbose addNamed "1.2.1" is a plain semver version for bindings
141 silly mapToRegistry name bindings
142 silly mapToRegistry using default registry
143 silly mapToRegistry registry https://registry.npmjs.org/
144 silly mapToRegistry uri https://registry.npmjs.org/bindings
145 verbose addNameVersion registry:https://registry.npmjs.org/bindings not in flight; fetching
146 verbose get https://registry.npmjs.org/bindings not expired, no request
147 silly cache afterAdd bindings@1.2.1
148 verbose afterAdd /Users/jonathanligh/.npm/bindings/1.2.1/package/package.json not in flight; writing
149 verbose afterAdd /Users/jonathanligh/.npm/bindings/1.2.1/package/package.json written
150 silly loadAllDepsIntoIdealTree Finishing
151 silly idealTree:prePrune trip@1.0.0
151 silly idealTree:prePrune ├── abbrev@1.0.9
151 silly idealTree:prePrune ├── accepts@1.3.3
151 silly idealTree:prePrune ├── amdefine@1.0.0
151 silly idealTree:prePrune ├── ansi-regex@2.0.0
151 silly idealTree:prePrune ├── ansi-styles@2.2.1
151 silly idealTree:prePrune ├── anymatch@1.3.0
151 silly idealTree:prePrune ├── ap@0.2.0
151 silly idealTree:prePrune ├── arr-diff@2.0.0
151 silly idealTree:prePrune ├── arr-flatten@1.0.1
151 silly idealTree:prePrune ├── array-flatten@1.1.1
151 silly idealTree:prePrune ├── array-unique@0.2.1
151 silly idealTree:prePrune ├── arrify@1.0.1
151 silly idealTree:prePrune ├── async-each@1.0.0
151 silly idealTree:prePrune ├── async@0.2.10
151 silly idealTree:prePrune ├── balanced-match@0.4.1
151 silly idealTree:prePrune ├── basic-auth@1.0.4
151 silly idealTree:prePrune ├── binary-extensions@1.4.1
151 silly idealTree:prePrune ├── bindings@1.2.1
151 silly idealTree:prePrune ├── bluebird@3.4.1
151 silly idealTree:prePrune ├── body-parser@1.15.2
151 silly idealTree:prePrune ├── brace-expansion@1.1.5
151 silly idealTree:prePrune ├── braces@1.8.5
151 silly idealTree:prePrune ├── buffer-shims@1.0.0
151 silly idealTree:prePrune ├── buffer-writer@1.0.1
151 silly idealTree:prePrune ├── bytes@2.4.0
151 silly idealTree:prePrune ├── camelcase@1.2.1
151 silly idealTree:prePrune ├── chalk@1.1.3
151 silly idealTree:prePrune ├── chokidar@1.6.0
151 silly idealTree:prePrune ├── concat-map@0.0.1
151 silly idealTree:prePrune ├── configstore@1.4.0
151 silly idealTree:prePrune ├── content-disposition@0.5.1
151 silly idealTree:prePrune ├── content-type@1.0.2
151 silly idealTree:prePrune ├── cookie-signature@1.0.6
151 silly idealTree:prePrune ├── cookie@0.3.1
151 silly idealTree:prePrune ├── core-util-is@1.0.2
151 silly idealTree:prePrune ├── debug@2.2.0
151 silly idealTree:prePrune ├── decamelize@1.2.0
151 silly idealTree:prePrune ├── deep-extend@0.4.1
151 silly idealTree:prePrune ├── depd@1.1.0
151 silly idealTree:prePrune ├── destroy@1.0.4
151 silly idealTree:prePrune ├── dottie@1.1.1
151 silly idealTree:prePrune ├── duplexer@0.1.1
151 silly idealTree:prePrune ├─┬ duplexify@3.4.3
151 silly idealTree:prePrune │ ├── isarray@1.0.0
151 silly idealTree:prePrune │ └── readable-stream@2.1.4
151 silly idealTree:prePrune ├── ee-first@1.1.1
151 silly idealTree:prePrune ├── encodeurl@1.0.1
151 silly idealTree:prePrune ├── end-of-stream@1.0.0
151 silly idealTree:prePrune ├── es6-promise@3.2.1
151 silly idealTree:prePrune ├── escape-html@1.0.3
151 silly idealTree:prePrune ├── escape-string-regexp@1.0.5
151 silly idealTree:prePrune ├── etag@1.7.0
151 silly idealTree:prePrune ├─┬ event-stream@3.3.3
151 silly idealTree:prePrune │ └── split@0.3.3
151 silly idealTree:prePrune ├── expand-brackets@0.1.5
151 silly idealTree:prePrune ├── expand-range@1.8.2
151 silly idealTree:prePrune ├── express@4.14.0
151 silly idealTree:prePrune ├── extglob@0.3.2
151 silly idealTree:prePrune ├── filename-regex@2.0.0
151 silly idealTree:prePrune ├── fill-range@2.2.3
151 silly idealTree:prePrune ├── finalhandler@0.5.0
151 silly idealTree:prePrune ├── for-in@0.1.5
151 silly idealTree:prePrune ├── for-own@0.1.4
151 silly idealTree:prePrune ├── forwarded@0.1.0
151 silly idealTree:prePrune ├── fresh@0.3.0
151 silly idealTree:prePrune ├── from@0.1.3
151 silly idealTree:prePrune ├─┬ fsevents@1.0.12
151 silly idealTree:prePrune │ ├── ansi-regex@2.0.0
151 silly idealTree:prePrune │ ├── ansi-styles@2.2.1
151 silly idealTree:prePrune │ ├── ansi@0.3.1
151 silly idealTree:prePrune │ ├── are-we-there-yet@1.1.2
151 silly idealTree:prePrune │ ├── asn1@0.2.3
151 silly idealTree:prePrune │ ├── assert-plus@0.2.0
151 silly idealTree:prePrune │ ├── async@1.5.2
151 silly idealTree:prePrune │ ├── aws-sign2@0.6.0
151 silly idealTree:prePrune │ ├─┬ aws4@1.3.2
151 silly idealTree:prePrune │ │ └─┬ lru-cache@4.0.1
151 silly idealTree:prePrune │ │   ├── pseudomap@1.0.2
151 silly idealTree:prePrune │ │   └── yallist@2.0.0
151 silly idealTree:prePrune │ ├── bl@1.0.3
151 silly idealTree:prePrune │ ├── block-stream@0.0.8
151 silly idealTree:prePrune │ ├── boom@2.10.1
151 silly idealTree:prePrune │ ├── caseless@0.11.0
151 silly idealTree:prePrune │ ├── chalk@1.1.3
151 silly idealTree:prePrune │ ├── combined-stream@1.0.5
151 silly idealTree:prePrune │ ├── commander@2.9.0
151 silly idealTree:prePrune │ ├── core-util-is@1.0.2
151 silly idealTree:prePrune │ ├── cryptiles@2.0.5
151 silly idealTree:prePrune │ ├─┬ dashdash@1.13.0
151 silly idealTree:prePrune │ │ └── assert-plus@1.0.0
151 silly idealTree:prePrune │ ├── debug@2.2.0
151 silly idealTree:prePrune │ ├── deep-extend@0.4.1
151 silly idealTree:prePrune │ ├── delayed-stream@1.0.0
151 silly idealTree:prePrune │ ├── delegates@1.0.0
151 silly idealTree:prePrune │ ├── ecc-jsbn@0.1.1
151 silly idealTree:prePrune │ ├── escape-string-regexp@1.0.5
151 silly idealTree:prePrune │ ├── extend@3.0.0
151 silly idealTree:prePrune │ ├── extsprintf@1.0.2
151 silly idealTree:prePrune │ ├── forever-agent@0.6.1
151 silly idealTree:prePrune │ ├── form-data@1.0.0-rc4
151 silly idealTree:prePrune │ ├─┬ fstream-ignore@1.0.3
151 silly idealTree:prePrune │ │ └─┬ minimatch@3.0.0
151 silly idealTree:prePrune │ │   └─┬ brace-expansion@1.1.3
151 silly idealTree:prePrune │ │     ├── balanced-match@0.3.0
151 silly idealTree:prePrune │ │     └── concat-map@0.0.1
151 silly idealTree:prePrune │ ├── fstream@1.0.8
151 silly idealTree:prePrune │ ├── gauge@1.2.7
151 silly idealTree:prePrune │ ├── generate-function@2.0.0
151 silly idealTree:prePrune │ ├── generate-object-property@1.2.0
151 silly idealTree:prePrune │ ├── graceful-fs@4.1.3
151 silly idealTree:prePrune │ ├── graceful-readlink@1.0.1
151 silly idealTree:prePrune │ ├── har-validator@2.0.6
151 silly idealTree:prePrune │ ├── has-ansi@2.0.0
151 silly idealTree:prePrune │ ├── has-unicode@2.0.0
151 silly idealTree:prePrune │ ├── hawk@3.1.3
151 silly idealTree:prePrune │ ├── hoek@2.16.3
151 silly idealTree:prePrune │ ├── http-signature@1.1.1
151 silly idealTree:prePrune │ ├── inherits@2.0.1
151 silly idealTree:prePrune │ ├── ini@1.3.4
151 silly idealTree:prePrune │ ├── is-my-json-valid@2.13.1
151 silly idealTree:prePrune │ ├── is-property@1.0.2
151 silly idealTree:prePrune │ ├── is-typedarray@1.0.0
151 silly idealTree:prePrune │ ├── isarray@1.0.0
151 silly idealTree:prePrune │ ├── isstream@0.1.2
151 silly idealTree:prePrune │ ├── jodid25519@1.0.2
151 silly idealTree:prePrune │ ├── jsbn@0.1.0
151 silly idealTree:prePrune │ ├── json-schema@0.2.2
151 silly idealTree:prePrune │ ├── json-stringify-safe@5.0.1
151 silly idealTree:prePrune │ ├── jsonpointer@2.0.0
151 silly idealTree:prePrune │ ├── jsprim@1.2.2
151 silly idealTree:prePrune │ ├── lodash.pad@4.1.0
151 silly idealTree:prePrune │ ├── lodash.padend@4.2.0
151 silly idealTree:prePrune │ ├── lodash.padstart@4.2.0
151 silly idealTree:prePrune │ ├── lodash.repeat@4.0.0
151 silly idealTree:prePrune │ ├── lodash.tostring@4.1.2
151 silly idealTree:prePrune │ ├── mime-db@1.22.0
151 silly idealTree:prePrune │ ├── mime-types@2.1.10
151 silly idealTree:prePrune │ ├── minimist@0.0.8
151 silly idealTree:prePrune │ ├── mkdirp@0.5.1
151 silly idealTree:prePrune │ ├── ms@0.7.1
151 silly idealTree:prePrune │ ├─┬ node-pre-gyp@0.6.25
151 silly idealTree:prePrune │ │ └─┬ nopt@3.0.6
151 silly idealTree:prePrune │ │   └── abbrev@1.0.7
151 silly idealTree:prePrune │ ├── node-uuid@1.4.7
151 silly idealTree:prePrune │ ├── npmlog@2.0.3
151 silly idealTree:prePrune │ ├── oauth-sign@0.8.1
151 silly idealTree:prePrune │ ├── once@1.3.3
151 silly idealTree:prePrune │ ├── pinkie-promise@2.0.0
151 silly idealTree:prePrune │ ├── pinkie@2.0.4
151 silly idealTree:prePrune │ ├── process-nextick-args@1.0.6
151 silly idealTree:prePrune │ ├── qs@6.0.2
151 silly idealTree:prePrune │ ├─┬ rc@1.1.6
151 silly idealTree:prePrune │ │ └── minimist@1.2.0
151 silly idealTree:prePrune │ ├── readable-stream@2.0.6
151 silly idealTree:prePrune │ ├── request@2.69.0
151 silly idealTree:prePrune │ ├─┬ rimraf@2.5.2
151 silly idealTree:prePrune │ │ └─┬ glob@7.0.3
151 silly idealTree:prePrune │ │   ├─┬ inflight@1.0.4
151 silly idealTree:prePrune │ │   │ └── wrappy@1.0.1
151 silly idealTree:prePrune │ │   ├── inherits@2.0.1
151 silly idealTree:prePrune │ │   ├─┬ minimatch@3.0.0
151 silly idealTree:prePrune │ │   │ └─┬ brace-expansion@1.1.3
151 silly idealTree:prePrune │ │   │   ├── balanced-match@0.3.0
151 silly idealTree:prePrune │ │   │   └── concat-map@0.0.1
151 silly idealTree:prePrune │ │   ├─┬ once@1.3.3
151 silly idealTree:prePrune │ │   │ └── wrappy@1.0.1
151 silly idealTree:prePrune │ │   └── path-is-absolute@1.0.0
151 silly idealTree:prePrune │ ├── semver@5.1.0
151 silly idealTree:prePrune │ ├── sntp@1.0.9
151 silly idealTree:prePrune │ ├── sshpk@1.7.4
151 silly idealTree:prePrune │ ├── string_decoder@0.10.31
151 silly idealTree:prePrune │ ├── stringstream@0.0.5
151 silly idealTree:prePrune │ ├── strip-ansi@3.0.1
151 silly idealTree:prePrune │ ├── strip-json-comments@1.0.4
151 silly idealTree:prePrune │ ├── supports-color@2.0.0
151 silly idealTree:prePrune │ ├── tar-pack@3.1.3
151 silly idealTree:prePrune │ ├── tar@2.2.1
151 silly idealTree:prePrune │ ├── tough-cookie@2.2.2
151 silly idealTree:prePrune │ ├── tunnel-agent@0.4.2
151 silly idealTree:prePrune │ ├── tweetnacl@0.14.3
151 silly idealTree:prePrune │ ├── uid-number@0.0.6
151 silly idealTree:prePrune │ ├── util-deprecate@1.0.2
151 silly idealTree:prePrune │ ├── verror@1.3.6
151 silly idealTree:prePrune │ ├── wrappy@1.0.1
151 silly idealTree:prePrune │ └── xtend@4.0.1
151 silly idealTree:prePrune ├── generic-pool@2.4.2
151 silly idealTree:prePrune ├── glob-base@0.3.0
151 silly idealTree:prePrune ├── glob-parent@2.0.0
151 silly idealTree:prePrune ├─┬ got@3.3.1
151 silly idealTree:prePrune │ └── object-assign@3.0.0
151 silly idealTree:prePrune ├── graceful-fs@4.1.4
151 silly idealTree:prePrune ├── has-ansi@2.0.0
151 silly idealTree:prePrune ├── http-errors@1.5.0
151 silly idealTree:prePrune ├── iconv-lite@0.4.13
151 silly idealTree:prePrune ├── ignore-by-default@1.0.1
151 silly idealTree:prePrune ├── imurmurhash@0.1.4
151 silly idealTree:prePrune ├── infinity-agent@2.0.3
151 silly idealTree:prePrune ├── inflection@1.10.0
151 silly idealTree:prePrune ├── inherits@2.0.1
151 silly idealTree:prePrune ├── ini@1.3.4
151 silly idealTree:prePrune ├── ipaddr.js@1.1.1
151 silly idealTree:prePrune ├── is-binary-path@1.0.1
151 silly idealTree:prePrune ├── is-buffer@1.1.3
151 silly idealTree:prePrune ├── is-dotfile@1.0.2
151 silly idealTree:prePrune ├── is-equal-shallow@0.1.3
151 silly idealTree:prePrune ├── is-extendable@0.1.1
151 silly idealTree:prePrune ├── is-extglob@1.0.0
151 silly idealTree:prePrune ├── is-finite@1.0.1
151 silly idealTree:prePrune ├── is-glob@2.0.1
151 silly idealTree:prePrune ├── is-npm@1.0.0
151 silly idealTree:prePrune ├── is-number@2.1.0
151 silly idealTree:prePrune ├── is-posix-bracket@0.1.1
151 silly idealTree:prePrune ├── is-primitive@2.0.0
151 silly idealTree:prePrune ├── is-redirect@1.0.0
151 silly idealTree:prePrune ├── is-stream@1.1.0
151 silly idealTree:prePrune ├── isarray@0.0.1
151 silly idealTree:prePrune ├─┬ isobject@2.1.0
151 silly idealTree:prePrune │ └── isarray@1.0.0
151 silly idealTree:prePrune ├── kind-of@3.0.3
151 silly idealTree:prePrune ├── latest-version@1.0.1
151 silly idealTree:prePrune ├── libpq@1.8.3
151 silly idealTree:prePrune ├── lodash._baseassign@3.2.0
151 silly idealTree:prePrune ├── lodash._basecopy@3.0.1
151 silly idealTree:prePrune ├── lodash._bindcallback@3.0.1
151 silly idealTree:prePrune ├── lodash._createassigner@3.1.1
151 silly idealTree:prePrune ├── lodash._getnative@3.9.1
151 silly idealTree:prePrune ├── lodash._isiterateecall@3.0.9
151 silly idealTree:prePrune ├── lodash.assign@3.2.0
151 silly idealTree:prePrune ├── lodash.defaults@3.1.2
151 silly idealTree:prePrune ├── lodash.isarguments@3.0.8
151 silly idealTree:prePrune ├── lodash.isarray@3.0.4
151 silly idealTree:prePrune ├── lodash.keys@3.1.2
151 silly idealTree:prePrune ├── lodash.restparam@3.6.1
151 silly idealTree:prePrune ├── lodash@4.12.0
151 silly idealTree:prePrune ├── lowercase-keys@1.0.0
151 silly idealTree:prePrune ├── map-stream@0.1.0
151 silly idealTree:prePrune ├── media-typer@0.3.0
151 silly idealTree:prePrune ├── merge-descriptors@1.0.1
151 silly idealTree:prePrune ├── methods@1.1.2
151 silly idealTree:prePrune ├── micromatch@2.3.10
151 silly idealTree:prePrune ├── mime-db@1.23.0
151 silly idealTree:prePrune ├── mime-types@2.1.11
151 silly idealTree:prePrune ├── mime@1.3.4
151 silly idealTree:prePrune ├── minimatch@3.0.2
151 silly idealTree:prePrune ├── minimist@0.0.10
151 silly idealTree:prePrune ├─┬ mkdirp@0.5.1
151 silly idealTree:prePrune │ └── minimist@0.0.8
151 silly idealTree:prePrune ├── moment-timezone@0.5.4
151 silly idealTree:prePrune ├── moment@2.13.0
151 silly idealTree:prePrune ├── morgan@1.7.0
151 silly idealTree:prePrune ├── ms@0.7.1
151 silly idealTree:prePrune ├── nan@2.3.5
151 silly idealTree:prePrune ├── negotiator@0.6.1
151 silly idealTree:prePrune ├── nested-error-stacks@1.0.2
151 silly idealTree:prePrune ├── node-uuid@1.4.7
151 silly idealTree:prePrune ├── nodemon@1.9.2
151 silly idealTree:prePrune ├── nopt@1.0.10
151 silly idealTree:prePrune ├── normalize-path@2.0.1
151 silly idealTree:prePrune ├── number-is-nan@1.0.0
151 silly idealTree:prePrune ├── object-assign@4.1.0
151 silly idealTree:prePrune ├── object.omit@2.0.0
151 silly idealTree:prePrune ├── on-finished@2.3.0
151 silly idealTree:prePrune ├── on-headers@1.0.1
151 silly idealTree:prePrune ├── once@1.3.3
151 silly idealTree:prePrune ├── optimist@0.6.1
151 silly idealTree:prePrune ├── os-homedir@1.0.1
151 silly idealTree:prePrune ├── os-tmpdir@1.0.1
151 silly idealTree:prePrune ├── osenv@0.1.3
151 silly idealTree:prePrune ├── package-json@1.2.0
151 silly idealTree:prePrune ├── packet-reader@0.2.0
151 silly idealTree:prePrune ├── parse-glob@3.0.4
151 silly idealTree:prePrune ├── parseurl@1.3.1
151 silly idealTree:prePrune ├── path-is-absolute@1.0.0
151 silly idealTree:prePrune ├── path-to-regexp@0.1.7
151 silly idealTree:prePrune ├── pause-stream@0.0.11
151 silly idealTree:prePrune ├── pg-connection-string@0.1.3
151 silly idealTree:prePrune ├─┬ pg-native@1.10.0
151 silly idealTree:prePrune │ └── pg-types@1.6.0
151 silly idealTree:prePrune ├── pg-pool@1.3.0
151 silly idealTree:prePrune ├── pg-types@1.11.0
151 silly idealTree:prePrune ├── pg@6.0.1
151 silly idealTree:prePrune ├── pgpass@0.0.6
151 silly idealTree:prePrune ├── pinkie-promise@2.0.1
151 silly idealTree:prePrune ├── pinkie@2.0.4
151 silly idealTree:prePrune ├── postgres-array@1.0.0
151 silly idealTree:prePrune ├── postgres-bytea@1.0.0
151 silly idealTree:prePrune ├── postgres-date@1.0.2
151 silly idealTree:prePrune ├── postgres-interval@1.0.2
151 silly idealTree:prePrune ├── prepend-http@1.0.4
151 silly idealTree:prePrune ├── preserve@0.2.0
151 silly idealTree:prePrune ├── process-nextick-args@1.0.7
151 silly idealTree:prePrune ├── proxy-addr@1.1.2
151 silly idealTree:prePrune ├── ps-tree@1.1.0
151 silly idealTree:prePrune ├── qs@6.2.0
151 silly idealTree:prePrune ├── randomatic@1.1.5
151 silly idealTree:prePrune ├── range-parser@1.2.0
151 silly idealTree:prePrune ├── raw-body@2.1.7
151 silly idealTree:prePrune ├─┬ rc@1.1.6
151 silly idealTree:prePrune │ └── minimist@1.2.0
151 silly idealTree:prePrune ├─┬ read-all-stream@3.1.0
151 silly idealTree:prePrune │ ├── isarray@1.0.0
151 silly idealTree:prePrune │ └── readable-stream@2.1.4
151 silly idealTree:prePrune ├── readable-stream@1.0.31
151 silly idealTree:prePrune ├─┬ readdirp@2.1.0
151 silly idealTree:prePrune │ ├── isarray@1.0.0
151 silly idealTree:prePrune │ └── readable-stream@2.1.4
151 silly idealTree:prePrune ├── regex-cache@0.4.3
151 silly idealTree:prePrune ├── registry-url@3.1.0
151 silly idealTree:prePrune ├── repeat-element@1.1.2
151 silly idealTree:prePrune ├── repeat-string@1.5.4
151 silly idealTree:prePrune ├── repeating@1.1.3
151 silly idealTree:prePrune ├── retry-as-promised@2.0.1
151 silly idealTree:prePrune ├─┬ semver-diff@2.1.0
151 silly idealTree:prePrune │ └── semver@5.1.1
151 silly idealTree:prePrune ├── semver@4.3.2
151 silly idealTree:prePrune ├── send@0.14.1
151 silly idealTree:prePrune ├─┬ sequelize@3.23.4
151 silly idealTree:prePrune │ └── semver@5.1.1
151 silly idealTree:prePrune ├── serve-static@1.11.1
151 silly idealTree:prePrune ├── set-immediate-shim@1.0.1
151 silly idealTree:prePrune ├── setprototypeof@1.0.1
151 silly idealTree:prePrune ├── shimmer@1.1.0
151 silly idealTree:prePrune ├── slide@1.1.6
151 silly idealTree:prePrune ├── source-map@0.1.34
151 silly idealTree:prePrune ├── split@1.0.0
151 silly idealTree:prePrune ├── statuses@1.3.0
151 silly idealTree:prePrune ├── stream-combiner@0.0.4
151 silly idealTree:prePrune ├── string_decoder@0.10.31
151 silly idealTree:prePrune ├── string-length@1.0.1
151 silly idealTree:prePrune ├── strip-ansi@3.0.1
151 silly idealTree:prePrune ├── strip-json-comments@1.0.4
151 silly idealTree:prePrune ├── supports-color@2.0.0
151 silly idealTree:prePrune ├── swig@1.4.2
151 silly idealTree:prePrune ├── terraformer-wkt-parser@1.1.0
151 silly idealTree:prePrune ├── terraformer@1.0.5
151 silly idealTree:prePrune ├── through@2.3.8
151 silly idealTree:prePrune ├── timed-out@2.0.0
151 silly idealTree:prePrune ├── toposort-class@1.0.1
151 silly idealTree:prePrune ├── touch@1.0.0
151 silly idealTree:prePrune ├── type-is@1.6.13
151 silly idealTree:prePrune ├── uglify-js@2.4.24
151 silly idealTree:prePrune ├── uglify-to-browserify@1.0.2
151 silly idealTree:prePrune ├── undefsafe@0.0.3
151 silly idealTree:prePrune ├── unpipe@1.0.0
151 silly idealTree:prePrune ├── update-notifier@0.5.0
151 silly idealTree:prePrune ├── util-deprecate@1.0.2
151 silly idealTree:prePrune ├── utils-merge@1.0.0
151 silly idealTree:prePrune ├── uuid@2.0.2
151 silly idealTree:prePrune ├── validator@5.4.0
151 silly idealTree:prePrune ├── vary@1.1.0
151 silly idealTree:prePrune ├── window-size@0.1.0
151 silly idealTree:prePrune ├── wkx@0.2.0
151 silly idealTree:prePrune ├── wordwrap@0.0.3
151 silly idealTree:prePrune ├── wrappy@1.0.2
151 silly idealTree:prePrune ├── write-file-atomic@1.1.4
151 silly idealTree:prePrune ├── xdg-basedir@2.0.0
151 silly idealTree:prePrune ├── xtend@4.0.1
151 silly idealTree:prePrune └─┬ yargs@3.5.4
151 silly idealTree:prePrune   └── wordwrap@0.0.2
152 silly loadIdealTree Finishing
153 silly currentTree trip@1.0.0
153 silly currentTree ├── abbrev@1.0.9
153 silly currentTree ├── accepts@1.3.3
153 silly currentTree ├── amdefine@1.0.0
153 silly currentTree ├── ansi-regex@2.0.0
153 silly currentTree ├── ansi-styles@2.2.1
153 silly currentTree ├── anymatch@1.3.0
153 silly currentTree ├── ap@0.2.0
153 silly currentTree ├── arr-diff@2.0.0
153 silly currentTree ├── arr-flatten@1.0.1
153 silly currentTree ├── array-flatten@1.1.1
153 silly currentTree ├── array-unique@0.2.1
153 silly currentTree ├── arrify@1.0.1
153 silly currentTree ├── async-each@1.0.0
153 silly currentTree ├── async@0.2.10
153 silly currentTree ├── balanced-match@0.4.1
153 silly currentTree ├── basic-auth@1.0.4
153 silly currentTree ├── binary-extensions@1.4.1
153 silly currentTree ├── bluebird@3.4.1
153 silly currentTree ├── body-parser@1.15.2
153 silly currentTree ├── brace-expansion@1.1.5
153 silly currentTree ├── braces@1.8.5
153 silly currentTree ├── buffer-shims@1.0.0
153 silly currentTree ├── buffer-writer@1.0.1
153 silly currentTree ├── bytes@2.4.0
153 silly currentTree ├── camelcase@1.2.1
153 silly currentTree ├── chalk@1.1.3
153 silly currentTree ├── chokidar@1.6.0
153 silly currentTree ├── concat-map@0.0.1
153 silly currentTree ├── configstore@1.4.0
153 silly currentTree ├── content-disposition@0.5.1
153 silly currentTree ├── content-type@1.0.2
153 silly currentTree ├── cookie-signature@1.0.6
153 silly currentTree ├── cookie@0.3.1
153 silly currentTree ├── core-util-is@1.0.2
153 silly currentTree ├── debug@2.2.0
153 silly currentTree ├── decamelize@1.2.0
153 silly currentTree ├── deep-extend@0.4.1
153 silly currentTree ├── depd@1.1.0
153 silly currentTree ├── destroy@1.0.4
153 silly currentTree ├── dottie@1.1.1
153 silly currentTree ├── duplexer@0.1.1
153 silly currentTree ├─┬ duplexify@3.4.3
153 silly currentTree │ ├── isarray@1.0.0
153 silly currentTree │ └── readable-stream@2.1.4
153 silly currentTree ├── ee-first@1.1.1
153 silly currentTree ├── encodeurl@1.0.1
153 silly currentTree ├── end-of-stream@1.0.0
153 silly currentTree ├── es6-promise@3.2.1
153 silly currentTree ├── escape-html@1.0.3
153 silly currentTree ├── escape-string-regexp@1.0.5
153 silly currentTree ├── etag@1.7.0
153 silly currentTree ├─┬ event-stream@3.3.3
153 silly currentTree │ └── split@0.3.3
153 silly currentTree ├── expand-brackets@0.1.5
153 silly currentTree ├── expand-range@1.8.2
153 silly currentTree ├── express@4.14.0
153 silly currentTree ├── extglob@0.3.2
153 silly currentTree ├── filename-regex@2.0.0
153 silly currentTree ├── fill-range@2.2.3
153 silly currentTree ├── finalhandler@0.5.0
153 silly currentTree ├── for-in@0.1.5
153 silly currentTree ├── for-own@0.1.4
153 silly currentTree ├── forwarded@0.1.0
153 silly currentTree ├── fresh@0.3.0
153 silly currentTree ├── from@0.1.3
153 silly currentTree ├─┬ fsevents@1.0.12
153 silly currentTree │ ├── ansi-regex@2.0.0
153 silly currentTree │ ├── ansi-styles@2.2.1
153 silly currentTree │ ├── ansi@0.3.1
153 silly currentTree │ ├── are-we-there-yet@1.1.2
153 silly currentTree │ ├── asn1@0.2.3
153 silly currentTree │ ├── assert-plus@0.2.0
153 silly currentTree │ ├── async@1.5.2
153 silly currentTree │ ├── aws-sign2@0.6.0
153 silly currentTree │ ├─┬ aws4@1.3.2
153 silly currentTree │ │ └─┬ lru-cache@4.0.1
153 silly currentTree │ │   ├── pseudomap@1.0.2
153 silly currentTree │ │   └── yallist@2.0.0
153 silly currentTree │ ├── bl@1.0.3
153 silly currentTree │ ├── block-stream@0.0.8
153 silly currentTree │ ├── boom@2.10.1
153 silly currentTree │ ├── caseless@0.11.0
153 silly currentTree │ ├── chalk@1.1.3
153 silly currentTree │ ├── combined-stream@1.0.5
153 silly currentTree │ ├── commander@2.9.0
153 silly currentTree │ ├── core-util-is@1.0.2
153 silly currentTree │ ├── cryptiles@2.0.5
153 silly currentTree │ ├─┬ dashdash@1.13.0
153 silly currentTree │ │ └── assert-plus@1.0.0
153 silly currentTree │ ├── debug@2.2.0
153 silly currentTree │ ├── deep-extend@0.4.1
153 silly currentTree │ ├── delayed-stream@1.0.0
153 silly currentTree │ ├── delegates@1.0.0
153 silly currentTree │ ├── ecc-jsbn@0.1.1
153 silly currentTree │ ├── escape-string-regexp@1.0.5
153 silly currentTree │ ├── extend@3.0.0
153 silly currentTree │ ├── extsprintf@1.0.2
153 silly currentTree │ ├── forever-agent@0.6.1
153 silly currentTree │ ├── form-data@1.0.0-rc4
153 silly currentTree │ ├─┬ fstream-ignore@1.0.3
153 silly currentTree │ │ └─┬ minimatch@3.0.0
153 silly currentTree │ │   └─┬ brace-expansion@1.1.3
153 silly currentTree │ │     ├── balanced-match@0.3.0
153 silly currentTree │ │     └── concat-map@0.0.1
153 silly currentTree │ ├── fstream@1.0.8
153 silly currentTree │ ├── gauge@1.2.7
153 silly currentTree │ ├── generate-function@2.0.0
153 silly currentTree │ ├── generate-object-property@1.2.0
153 silly currentTree │ ├── graceful-fs@4.1.3
153 silly currentTree │ ├── graceful-readlink@1.0.1
153 silly currentTree │ ├── har-validator@2.0.6
153 silly currentTree │ ├── has-ansi@2.0.0
153 silly currentTree │ ├── has-unicode@2.0.0
153 silly currentTree │ ├── hawk@3.1.3
153 silly currentTree │ ├── hoek@2.16.3
153 silly currentTree │ ├── http-signature@1.1.1
153 silly currentTree │ ├── inherits@2.0.1
153 silly currentTree │ ├── ini@1.3.4
153 silly currentTree │ ├── is-my-json-valid@2.13.1
153 silly currentTree │ ├── is-property@1.0.2
153 silly currentTree │ ├── is-typedarray@1.0.0
153 silly currentTree │ ├── isarray@1.0.0
153 silly currentTree │ ├── isstream@0.1.2
153 silly currentTree │ ├── jodid25519@1.0.2
153 silly currentTree │ ├── jsbn@0.1.0
153 silly currentTree │ ├── json-schema@0.2.2
153 silly currentTree │ ├── json-stringify-safe@5.0.1
153 silly currentTree │ ├── jsonpointer@2.0.0
153 silly currentTree │ ├── jsprim@1.2.2
153 silly currentTree │ ├── lodash.pad@4.1.0
153 silly currentTree │ ├── lodash.padend@4.2.0
153 silly currentTree │ ├── lodash.padstart@4.2.0
153 silly currentTree │ ├── lodash.repeat@4.0.0
153 silly currentTree │ ├── lodash.tostring@4.1.2
153 silly currentTree │ ├── mime-db@1.22.0
153 silly currentTree │ ├── mime-types@2.1.10
153 silly currentTree │ ├── minimist@0.0.8
153 silly currentTree │ ├── mkdirp@0.5.1
153 silly currentTree │ ├── ms@0.7.1
153 silly currentTree │ ├─┬ node-pre-gyp@0.6.25
153 silly currentTree │ │ └─┬ nopt@3.0.6
153 silly currentTree │ │   └── abbrev@1.0.7
153 silly currentTree │ ├── node-uuid@1.4.7
153 silly currentTree │ ├── npmlog@2.0.3
153 silly currentTree │ ├── oauth-sign@0.8.1
153 silly currentTree │ ├── once@1.3.3
153 silly currentTree │ ├── pinkie-promise@2.0.0
153 silly currentTree │ ├── pinkie@2.0.4
153 silly currentTree │ ├── process-nextick-args@1.0.6
153 silly currentTree │ ├── qs@6.0.2
153 silly currentTree │ ├─┬ rc@1.1.6
153 silly currentTree │ │ └── minimist@1.2.0
153 silly currentTree │ ├── readable-stream@2.0.6
153 silly currentTree │ ├── request@2.69.0
153 silly currentTree │ ├─┬ rimraf@2.5.2
153 silly currentTree │ │ └─┬ glob@7.0.3
153 silly currentTree │ │   ├─┬ inflight@1.0.4
153 silly currentTree │ │   │ └── wrappy@1.0.1
153 silly currentTree │ │   ├── inherits@2.0.1
153 silly currentTree │ │   ├─┬ minimatch@3.0.0
153 silly currentTree │ │   │ └─┬ brace-expansion@1.1.3
153 silly currentTree │ │   │   ├── balanced-match@0.3.0
153 silly currentTree │ │   │   └── concat-map@0.0.1
153 silly currentTree │ │   ├─┬ once@1.3.3
153 silly currentTree │ │   │ └── wrappy@1.0.1
153 silly currentTree │ │   └── path-is-absolute@1.0.0
153 silly currentTree │ ├── semver@5.1.0
153 silly currentTree │ ├── sntp@1.0.9
153 silly currentTree │ ├── sshpk@1.7.4
153 silly currentTree │ ├── string_decoder@0.10.31
153 silly currentTree │ ├── stringstream@0.0.5
153 silly currentTree │ ├── strip-ansi@3.0.1
153 silly currentTree │ ├── strip-json-comments@1.0.4
153 silly currentTree │ ├── supports-color@2.0.0
153 silly currentTree │ ├── tar-pack@3.1.3
153 silly currentTree │ ├── tar@2.2.1
153 silly currentTree │ ├── tough-cookie@2.2.2
153 silly currentTree │ ├── tunnel-agent@0.4.2
153 silly currentTree │ ├── tweetnacl@0.14.3
153 silly currentTree │ ├── uid-number@0.0.6
153 silly currentTree │ ├── util-deprecate@1.0.2
153 silly currentTree │ ├── verror@1.3.6
153 silly currentTree │ ├── wrappy@1.0.1
153 silly currentTree │ └── xtend@4.0.1
153 silly currentTree ├── generic-pool@2.4.2
153 silly currentTree ├── glob-base@0.3.0
153 silly currentTree ├── glob-parent@2.0.0
153 silly currentTree ├─┬ got@3.3.1
153 silly currentTree │ └── object-assign@3.0.0
153 silly currentTree ├── graceful-fs@4.1.4
153 silly currentTree ├── has-ansi@2.0.0
153 silly currentTree ├── http-errors@1.5.0
153 silly currentTree ├── iconv-lite@0.4.13
153 silly currentTree ├── ignore-by-default@1.0.1
153 silly currentTree ├── imurmurhash@0.1.4
153 silly currentTree ├── infinity-agent@2.0.3
153 silly currentTree ├── inflection@1.10.0
153 silly currentTree ├── inherits@2.0.1
153 silly currentTree ├── ini@1.3.4
153 silly currentTree ├── ipaddr.js@1.1.1
153 silly currentTree ├── is-binary-path@1.0.1
153 silly currentTree ├── is-buffer@1.1.3
153 silly currentTree ├── is-dotfile@1.0.2
153 silly currentTree ├── is-equal-shallow@0.1.3
153 silly currentTree ├── is-extendable@0.1.1
153 silly currentTree ├── is-extglob@1.0.0
153 silly currentTree ├── is-finite@1.0.1
153 silly currentTree ├── is-glob@2.0.1
153 silly currentTree ├── is-npm@1.0.0
153 silly currentTree ├── is-number@2.1.0
153 silly currentTree ├── is-posix-bracket@0.1.1
153 silly currentTree ├── is-primitive@2.0.0
153 silly currentTree ├── is-redirect@1.0.0
153 silly currentTree ├── is-stream@1.1.0
153 silly currentTree ├── isarray@0.0.1
153 silly currentTree ├─┬ isobject@2.1.0
153 silly currentTree │ └── isarray@1.0.0
153 silly currentTree ├── kind-of@3.0.3
153 silly currentTree ├── latest-version@1.0.1
153 silly currentTree ├── lodash._baseassign@3.2.0
153 silly currentTree ├── lodash._basecopy@3.0.1
153 silly currentTree ├── lodash._bindcallback@3.0.1
153 silly currentTree ├── lodash._createassigner@3.1.1
153 silly currentTree ├── lodash._getnative@3.9.1
153 silly currentTree ├── lodash._isiterateecall@3.0.9
153 silly currentTree ├── lodash.assign@3.2.0
153 silly currentTree ├── lodash.defaults@3.1.2
153 silly currentTree ├── lodash.isarguments@3.0.8
153 silly currentTree ├── lodash.isarray@3.0.4
153 silly currentTree ├── lodash.keys@3.1.2
153 silly currentTree ├── lodash.restparam@3.6.1
153 silly currentTree ├── lodash@4.12.0
153 silly currentTree ├── lowercase-keys@1.0.0
153 silly currentTree ├── map-stream@0.1.0
153 silly currentTree ├── media-typer@0.3.0
153 silly currentTree ├── merge-descriptors@1.0.1
153 silly currentTree ├── methods@1.1.2
153 silly currentTree ├── micromatch@2.3.10
153 silly currentTree ├── mime-db@1.23.0
153 silly currentTree ├── mime-types@2.1.11
153 silly currentTree ├── mime@1.3.4
153 silly currentTree ├── minimatch@3.0.2
153 silly currentTree ├── minimist@0.0.10
153 silly currentTree ├─┬ mkdirp@0.5.1
153 silly currentTree │ └── minimist@0.0.8
153 silly currentTree ├── moment-timezone@0.5.4
153 silly currentTree ├── moment@2.13.0
153 silly currentTree ├── morgan@1.7.0
153 silly currentTree ├── ms@0.7.1
153 silly currentTree ├── nan@2.3.5
153 silly currentTree ├── negotiator@0.6.1
153 silly currentTree ├── nested-error-stacks@1.0.2
153 silly currentTree ├── node-uuid@1.4.7
153 silly currentTree ├── nodemon@1.9.2
153 silly currentTree ├── nopt@1.0.10
153 silly currentTree ├── normalize-path@2.0.1
153 silly currentTree ├── number-is-nan@1.0.0
153 silly currentTree ├── object-assign@4.1.0
153 silly currentTree ├── object.omit@2.0.0
153 silly currentTree ├── on-finished@2.3.0
153 silly currentTree ├── on-headers@1.0.1
153 silly currentTree ├── once@1.3.3
153 silly currentTree ├── optimist@0.6.1
153 silly currentTree ├── os-homedir@1.0.1
153 silly currentTree ├── os-tmpdir@1.0.1
153 silly currentTree ├── osenv@0.1.3
153 silly currentTree ├── package-json@1.2.0
153 silly currentTree ├── packet-reader@0.2.0
153 silly currentTree ├── parse-glob@3.0.4
153 silly currentTree ├── parseurl@1.3.1
153 silly currentTree ├── path-is-absolute@1.0.0
153 silly currentTree ├── path-to-regexp@0.1.7
153 silly currentTree ├── pause-stream@0.0.11
153 silly currentTree ├── pg-connection-string@0.1.3
153 silly currentTree ├── pg-pool@1.3.0
153 silly currentTree ├── pg-types@1.11.0
153 silly currentTree ├── pg@6.0.1
153 silly currentTree ├── pgpass@0.0.6
153 silly currentTree ├── pinkie-promise@2.0.1
153 silly currentTree ├── pinkie@2.0.4
153 silly currentTree ├── postgres-array@1.0.0
153 silly currentTree ├── postgres-bytea@1.0.0
153 silly currentTree ├── postgres-date@1.0.2
153 silly currentTree ├── postgres-interval@1.0.2
153 silly currentTree ├── prepend-http@1.0.4
153 silly currentTree ├── preserve@0.2.0
153 silly currentTree ├── process-nextick-args@1.0.7
153 silly currentTree ├── proxy-addr@1.1.2
153 silly currentTree ├── ps-tree@1.1.0
153 silly currentTree ├── qs@6.2.0
153 silly currentTree ├── randomatic@1.1.5
153 silly currentTree ├── range-parser@1.2.0
153 silly currentTree ├── raw-body@2.1.7
153 silly currentTree ├─┬ rc@1.1.6
153 silly currentTree │ └── minimist@1.2.0
153 silly currentTree ├─┬ read-all-stream@3.1.0
153 silly currentTree │ ├── isarray@1.0.0
153 silly currentTree │ └── readable-stream@2.1.4
153 silly currentTree ├── readable-stream@1.0.31
153 silly currentTree ├─┬ readdirp@2.1.0
153 silly currentTree │ ├── isarray@1.0.0
153 silly currentTree │ └── readable-stream@2.1.4
153 silly currentTree ├── regex-cache@0.4.3
153 silly currentTree ├── registry-url@3.1.0
153 silly currentTree ├── repeat-element@1.1.2
153 silly currentTree ├── repeat-string@1.5.4
153 silly currentTree ├── repeating@1.1.3
153 silly currentTree ├── retry-as-promised@2.0.1
153 silly currentTree ├─┬ semver-diff@2.1.0
153 silly currentTree │ └── semver@5.1.1
153 silly currentTree ├── semver@4.3.2
153 silly currentTree ├── send@0.14.1
153 silly currentTree ├─┬ sequelize@3.23.4
153 silly currentTree │ └── semver@5.1.1
153 silly currentTree ├── serve-static@1.11.1
153 silly currentTree ├── set-immediate-shim@1.0.1
153 silly currentTree ├── setprototypeof@1.0.1
153 silly currentTree ├── shimmer@1.1.0
153 silly currentTree ├── slide@1.1.6
153 silly currentTree ├── source-map@0.1.34
153 silly currentTree ├── split@1.0.0
153 silly currentTree ├── statuses@1.3.0
153 silly currentTree ├── stream-combiner@0.0.4
153 silly currentTree ├── string_decoder@0.10.31
153 silly currentTree ├── string-length@1.0.1
153 silly currentTree ├── strip-ansi@3.0.1
153 silly currentTree ├── strip-json-comments@1.0.4
153 silly currentTree ├── supports-color@2.0.0
153 silly currentTree ├── swig@1.4.2
153 silly currentTree ├── terraformer-wkt-parser@1.1.0
153 silly currentTree ├── terraformer@1.0.5
153 silly currentTree ├── through@2.3.8
153 silly currentTree ├── timed-out@2.0.0
153 silly currentTree ├── toposort-class@1.0.1
153 silly currentTree ├── touch@1.0.0
153 silly currentTree ├── type-is@1.6.13
153 silly currentTree ├── uglify-js@2.4.24
153 silly currentTree ├── uglify-to-browserify@1.0.2
153 silly currentTree ├── undefsafe@0.0.3
153 silly currentTree ├── unpipe@1.0.0
153 silly currentTree ├── update-notifier@0.5.0
153 silly currentTree ├── util-deprecate@1.0.2
153 silly currentTree ├── utils-merge@1.0.0
153 silly currentTree ├── uuid@2.0.2
153 silly currentTree ├── validator@5.4.0
153 silly currentTree ├── vary@1.1.0
153 silly currentTree ├── window-size@0.1.0
153 silly currentTree ├── wkx@0.2.0
153 silly currentTree ├── wordwrap@0.0.3
153 silly currentTree ├── wrappy@1.0.2
153 silly currentTree ├── write-file-atomic@1.1.4
153 silly currentTree ├── xdg-basedir@2.0.0
153 silly currentTree ├── xtend@4.0.1
153 silly currentTree └─┬ yargs@3.5.4
153 silly currentTree   └── wordwrap@0.0.2
154 silly idealTree trip@1.0.0
154 silly idealTree ├── abbrev@1.0.9
154 silly idealTree ├── accepts@1.3.3
154 silly idealTree ├── amdefine@1.0.0
154 silly idealTree ├── ansi-regex@2.0.0
154 silly idealTree ├── ansi-styles@2.2.1
154 silly idealTree ├── anymatch@1.3.0
154 silly idealTree ├── ap@0.2.0
154 silly idealTree ├── arr-diff@2.0.0
154 silly idealTree ├── arr-flatten@1.0.1
154 silly idealTree ├── array-flatten@1.1.1
154 silly idealTree ├── array-unique@0.2.1
154 silly idealTree ├── arrify@1.0.1
154 silly idealTree ├── async-each@1.0.0
154 silly idealTree ├── async@0.2.10
154 silly idealTree ├── balanced-match@0.4.1
154 silly idealTree ├── basic-auth@1.0.4
154 silly idealTree ├── binary-extensions@1.4.1
154 silly idealTree ├── bindings@1.2.1
154 silly idealTree ├── bluebird@3.4.1
154 silly idealTree ├── body-parser@1.15.2
154 silly idealTree ├── brace-expansion@1.1.5
154 silly idealTree ├── braces@1.8.5
154 silly idealTree ├── buffer-shims@1.0.0
154 silly idealTree ├── buffer-writer@1.0.1
154 silly idealTree ├── bytes@2.4.0
154 silly idealTree ├── camelcase@1.2.1
154 silly idealTree ├── chalk@1.1.3
154 silly idealTree ├── chokidar@1.6.0
154 silly idealTree ├── concat-map@0.0.1
154 silly idealTree ├── configstore@1.4.0
154 silly idealTree ├── content-disposition@0.5.1
154 silly idealTree ├── content-type@1.0.2
154 silly idealTree ├── cookie-signature@1.0.6
154 silly idealTree ├── cookie@0.3.1
154 silly idealTree ├── core-util-is@1.0.2
154 silly idealTree ├── debug@2.2.0
154 silly idealTree ├── decamelize@1.2.0
154 silly idealTree ├── deep-extend@0.4.1
154 silly idealTree ├── depd@1.1.0
154 silly idealTree ├── destroy@1.0.4
154 silly idealTree ├── dottie@1.1.1
154 silly idealTree ├── duplexer@0.1.1
154 silly idealTree ├─┬ duplexify@3.4.3
154 silly idealTree │ ├── isarray@1.0.0
154 silly idealTree │ └── readable-stream@2.1.4
154 silly idealTree ├── ee-first@1.1.1
154 silly idealTree ├── encodeurl@1.0.1
154 silly idealTree ├── end-of-stream@1.0.0
154 silly idealTree ├── es6-promise@3.2.1
154 silly idealTree ├── escape-html@1.0.3
154 silly idealTree ├── escape-string-regexp@1.0.5
154 silly idealTree ├── etag@1.7.0
154 silly idealTree ├─┬ event-stream@3.3.3
154 silly idealTree │ └── split@0.3.3
154 silly idealTree ├── expand-brackets@0.1.5
154 silly idealTree ├── expand-range@1.8.2
154 silly idealTree ├── express@4.14.0
154 silly idealTree ├── extglob@0.3.2
154 silly idealTree ├── filename-regex@2.0.0
154 silly idealTree ├── fill-range@2.2.3
154 silly idealTree ├── finalhandler@0.5.0
154 silly idealTree ├── for-in@0.1.5
154 silly idealTree ├── for-own@0.1.4
154 silly idealTree ├── forwarded@0.1.0
154 silly idealTree ├── fresh@0.3.0
154 silly idealTree ├── from@0.1.3
154 silly idealTree ├─┬ fsevents@1.0.12
154 silly idealTree │ ├── ansi-regex@2.0.0
154 silly idealTree │ ├── ansi-styles@2.2.1
154 silly idealTree │ ├── ansi@0.3.1
154 silly idealTree │ ├── are-we-there-yet@1.1.2
154 silly idealTree │ ├── asn1@0.2.3
154 silly idealTree │ ├── assert-plus@0.2.0
154 silly idealTree │ ├── async@1.5.2
154 silly idealTree │ ├── aws-sign2@0.6.0
154 silly idealTree │ ├─┬ aws4@1.3.2
154 silly idealTree │ │ └─┬ lru-cache@4.0.1
154 silly idealTree │ │   ├── pseudomap@1.0.2
154 silly idealTree │ │   └── yallist@2.0.0
154 silly idealTree │ ├── bl@1.0.3
154 silly idealTree │ ├── block-stream@0.0.8
154 silly idealTree │ ├── boom@2.10.1
154 silly idealTree │ ├── caseless@0.11.0
154 silly idealTree │ ├── chalk@1.1.3
154 silly idealTree │ ├── combined-stream@1.0.5
154 silly idealTree │ ├── commander@2.9.0
154 silly idealTree │ ├── core-util-is@1.0.2
154 silly idealTree │ ├── cryptiles@2.0.5
154 silly idealTree │ ├─┬ dashdash@1.13.0
154 silly idealTree │ │ └── assert-plus@1.0.0
154 silly idealTree │ ├── debug@2.2.0
154 silly idealTree │ ├── deep-extend@0.4.1
154 silly idealTree │ ├── delayed-stream@1.0.0
154 silly idealTree │ ├── delegates@1.0.0
154 silly idealTree │ ├── ecc-jsbn@0.1.1
154 silly idealTree │ ├── escape-string-regexp@1.0.5
154 silly idealTree │ ├── extend@3.0.0
154 silly idealTree │ ├── extsprintf@1.0.2
154 silly idealTree │ ├── forever-agent@0.6.1
154 silly idealTree │ ├── form-data@1.0.0-rc4
154 silly idealTree │ ├─┬ fstream-ignore@1.0.3
154 silly idealTree │ │ └─┬ minimatch@3.0.0
154 silly idealTree │ │   └─┬ brace-expansion@1.1.3
154 silly idealTree │ │     ├── balanced-match@0.3.0
154 silly idealTree │ │     └── concat-map@0.0.1
154 silly idealTree │ ├── fstream@1.0.8
154 silly idealTree │ ├── gauge@1.2.7
154 silly idealTree │ ├── generate-function@2.0.0
154 silly idealTree │ ├── generate-object-property@1.2.0
154 silly idealTree │ ├── graceful-fs@4.1.3
154 silly idealTree │ ├── graceful-readlink@1.0.1
154 silly idealTree │ ├── har-validator@2.0.6
154 silly idealTree │ ├── has-ansi@2.0.0
154 silly idealTree │ ├── has-unicode@2.0.0
154 silly idealTree │ ├── hawk@3.1.3
154 silly idealTree │ ├── hoek@2.16.3
154 silly idealTree │ ├── http-signature@1.1.1
154 silly idealTree │ ├── inherits@2.0.1
154 silly idealTree │ ├── ini@1.3.4
154 silly idealTree │ ├── is-my-json-valid@2.13.1
154 silly idealTree │ ├── is-property@1.0.2
154 silly idealTree │ ├── is-typedarray@1.0.0
154 silly idealTree │ ├── isarray@1.0.0
154 silly idealTree │ ├── isstream@0.1.2
154 silly idealTree │ ├── jodid25519@1.0.2
154 silly idealTree │ ├── jsbn@0.1.0
154 silly idealTree │ ├── json-schema@0.2.2
154 silly idealTree │ ├── json-stringify-safe@5.0.1
154 silly idealTree │ ├── jsonpointer@2.0.0
154 silly idealTree │ ├── jsprim@1.2.2
154 silly idealTree │ ├── lodash.pad@4.1.0
154 silly idealTree │ ├── lodash.padend@4.2.0
154 silly idealTree │ ├── lodash.padstart@4.2.0
154 silly idealTree │ ├── lodash.repeat@4.0.0
154 silly idealTree │ ├── lodash.tostring@4.1.2
154 silly idealTree │ ├── mime-db@1.22.0
154 silly idealTree │ ├── mime-types@2.1.10
154 silly idealTree │ ├── minimist@0.0.8
154 silly idealTree │ ├── mkdirp@0.5.1
154 silly idealTree │ ├── ms@0.7.1
154 silly idealTree │ ├─┬ node-pre-gyp@0.6.25
154 silly idealTree │ │ └─┬ nopt@3.0.6
154 silly idealTree │ │   └── abbrev@1.0.7
154 silly idealTree │ ├── node-uuid@1.4.7
154 silly idealTree │ ├── npmlog@2.0.3
154 silly idealTree │ ├── oauth-sign@0.8.1
154 silly idealTree │ ├── once@1.3.3
154 silly idealTree │ ├── pinkie-promise@2.0.0
154 silly idealTree │ ├── pinkie@2.0.4
154 silly idealTree │ ├── process-nextick-args@1.0.6
154 silly idealTree │ ├── qs@6.0.2
154 silly idealTree │ ├─┬ rc@1.1.6
154 silly idealTree │ │ └── minimist@1.2.0
154 silly idealTree │ ├── readable-stream@2.0.6
154 silly idealTree │ ├── request@2.69.0
154 silly idealTree │ ├─┬ rimraf@2.5.2
154 silly idealTree │ │ └─┬ glob@7.0.3
154 silly idealTree │ │   ├─┬ inflight@1.0.4
154 silly idealTree │ │   │ └── wrappy@1.0.1
154 silly idealTree │ │   ├── inherits@2.0.1
154 silly idealTree │ │   ├─┬ minimatch@3.0.0
154 silly idealTree │ │   │ └─┬ brace-expansion@1.1.3
154 silly idealTree │ │   │   ├── balanced-match@0.3.0
154 silly idealTree │ │   │   └── concat-map@0.0.1
154 silly idealTree │ │   ├─┬ once@1.3.3
154 silly idealTree │ │   │ └── wrappy@1.0.1
154 silly idealTree │ │   └── path-is-absolute@1.0.0
154 silly idealTree │ ├── semver@5.1.0
154 silly idealTree │ ├── sntp@1.0.9
154 silly idealTree │ ├── sshpk@1.7.4
154 silly idealTree │ ├── string_decoder@0.10.31
154 silly idealTree │ ├── stringstream@0.0.5
154 silly idealTree │ ├── strip-ansi@3.0.1
154 silly idealTree │ ├── strip-json-comments@1.0.4
154 silly idealTree │ ├── supports-color@2.0.0
154 silly idealTree │ ├── tar-pack@3.1.3
154 silly idealTree │ ├── tar@2.2.1
154 silly idealTree │ ├── tough-cookie@2.2.2
154 silly idealTree │ ├── tunnel-agent@0.4.2
154 silly idealTree │ ├── tweetnacl@0.14.3
154 silly idealTree │ ├── uid-number@0.0.6
154 silly idealTree │ ├── util-deprecate@1.0.2
154 silly idealTree │ ├── verror@1.3.6
154 silly idealTree │ ├── wrappy@1.0.1
154 silly idealTree │ └── xtend@4.0.1
154 silly idealTree ├── generic-pool@2.4.2
154 silly idealTree ├── glob-base@0.3.0
154 silly idealTree ├── glob-parent@2.0.0
154 silly idealTree ├─┬ got@3.3.1
154 silly idealTree │ └── object-assign@3.0.0
154 silly idealTree ├── graceful-fs@4.1.4
154 silly idealTree ├── has-ansi@2.0.0
154 silly idealTree ├── http-errors@1.5.0
154 silly idealTree ├── iconv-lite@0.4.13
154 silly idealTree ├── ignore-by-default@1.0.1
154 silly idealTree ├── imurmurhash@0.1.4
154 silly idealTree ├── infinity-agent@2.0.3
154 silly idealTree ├── inflection@1.10.0
154 silly idealTree ├── inherits@2.0.1
154 silly idealTree ├── ini@1.3.4
154 silly idealTree ├── ipaddr.js@1.1.1
154 silly idealTree ├── is-binary-path@1.0.1
154 silly idealTree ├── is-buffer@1.1.3
154 silly idealTree ├── is-dotfile@1.0.2
154 silly idealTree ├── is-equal-shallow@0.1.3
154 silly idealTree ├── is-extendable@0.1.1
154 silly idealTree ├── is-extglob@1.0.0
154 silly idealTree ├── is-finite@1.0.1
154 silly idealTree ├── is-glob@2.0.1
154 silly idealTree ├── is-npm@1.0.0
154 silly idealTree ├── is-number@2.1.0
154 silly idealTree ├── is-posix-bracket@0.1.1
154 silly idealTree ├── is-primitive@2.0.0
154 silly idealTree ├── is-redirect@1.0.0
154 silly idealTree ├── is-stream@1.1.0
154 silly idealTree ├── isarray@0.0.1
154 silly idealTree ├─┬ isobject@2.1.0
154 silly idealTree │ └── isarray@1.0.0
154 silly idealTree ├── kind-of@3.0.3
154 silly idealTree ├── latest-version@1.0.1
154 silly idealTree ├── libpq@1.8.3
154 silly idealTree ├── lodash._baseassign@3.2.0
154 silly idealTree ├── lodash._basecopy@3.0.1
154 silly idealTree ├── lodash._bindcallback@3.0.1
154 silly idealTree ├── lodash._createassigner@3.1.1
154 silly idealTree ├── lodash._getnative@3.9.1
154 silly idealTree ├── lodash._isiterateecall@3.0.9
154 silly idealTree ├── lodash.assign@3.2.0
154 silly idealTree ├── lodash.defaults@3.1.2
154 silly idealTree ├── lodash.isarguments@3.0.8
154 silly idealTree ├── lodash.isarray@3.0.4
154 silly idealTree ├── lodash.keys@3.1.2
154 silly idealTree ├── lodash.restparam@3.6.1
154 silly idealTree ├── lodash@4.12.0
154 silly idealTree ├── lowercase-keys@1.0.0
154 silly idealTree ├── map-stream@0.1.0
154 silly idealTree ├── media-typer@0.3.0
154 silly idealTree ├── merge-descriptors@1.0.1
154 silly idealTree ├── methods@1.1.2
154 silly idealTree ├── micromatch@2.3.10
154 silly idealTree ├── mime-db@1.23.0
154 silly idealTree ├── mime-types@2.1.11
154 silly idealTree ├── mime@1.3.4
154 silly idealTree ├── minimatch@3.0.2
154 silly idealTree ├── minimist@0.0.10
154 silly idealTree ├─┬ mkdirp@0.5.1
154 silly idealTree │ └── minimist@0.0.8
154 silly idealTree ├── moment-timezone@0.5.4
154 silly idealTree ├── moment@2.13.0
154 silly idealTree ├── morgan@1.7.0
154 silly idealTree ├── ms@0.7.1
154 silly idealTree ├── nan@2.3.5
154 silly idealTree ├── negotiator@0.6.1
154 silly idealTree ├── nested-error-stacks@1.0.2
154 silly idealTree ├── node-uuid@1.4.7
154 silly idealTree ├── nodemon@1.9.2
154 silly idealTree ├── nopt@1.0.10
154 silly idealTree ├── normalize-path@2.0.1
154 silly idealTree ├── number-is-nan@1.0.0
154 silly idealTree ├── object-assign@4.1.0
154 silly idealTree ├── object.omit@2.0.0
154 silly idealTree ├── on-finished@2.3.0
154 silly idealTree ├── on-headers@1.0.1
154 silly idealTree ├── once@1.3.3
154 silly idealTree ├── optimist@0.6.1
154 silly idealTree ├── os-homedir@1.0.1
154 silly idealTree ├── os-tmpdir@1.0.1
154 silly idealTree ├── osenv@0.1.3
154 silly idealTree ├── package-json@1.2.0
154 silly idealTree ├── packet-reader@0.2.0
154 silly idealTree ├── parse-glob@3.0.4
154 silly idealTree ├── parseurl@1.3.1
154 silly idealTree ├── path-is-absolute@1.0.0
154 silly idealTree ├── path-to-regexp@0.1.7
154 silly idealTree ├── pause-stream@0.0.11
154 silly idealTree ├── pg-connection-string@0.1.3
154 silly idealTree ├─┬ pg-native@1.10.0
154 silly idealTree │ └── pg-types@1.6.0
154 silly idealTree ├── pg-pool@1.3.0
154 silly idealTree ├── pg-types@1.11.0
154 silly idealTree ├── pg@6.0.1
154 silly idealTree ├── pgpass@0.0.6
154 silly idealTree ├── pinkie-promise@2.0.1
154 silly idealTree ├── pinkie@2.0.4
154 silly idealTree ├── postgres-array@1.0.0
154 silly idealTree ├── postgres-bytea@1.0.0
154 silly idealTree ├── postgres-date@1.0.2
154 silly idealTree ├── postgres-interval@1.0.2
154 silly idealTree ├── prepend-http@1.0.4
154 silly idealTree ├── preserve@0.2.0
154 silly idealTree ├── process-nextick-args@1.0.7
154 silly idealTree ├── proxy-addr@1.1.2
154 silly idealTree ├── ps-tree@1.1.0
154 silly idealTree ├── qs@6.2.0
154 silly idealTree ├── randomatic@1.1.5
154 silly idealTree ├── range-parser@1.2.0
154 silly idealTree ├── raw-body@2.1.7
154 silly idealTree ├─┬ rc@1.1.6
154 silly idealTree │ └── minimist@1.2.0
154 silly idealTree ├─┬ read-all-stream@3.1.0
154 silly idealTree │ ├── isarray@1.0.0
154 silly idealTree │ └── readable-stream@2.1.4
154 silly idealTree ├── readable-stream@1.0.31
154 silly idealTree ├─┬ readdirp@2.1.0
154 silly idealTree │ ├── isarray@1.0.0
154 silly idealTree │ └── readable-stream@2.1.4
154 silly idealTree ├── regex-cache@0.4.3
154 silly idealTree ├── registry-url@3.1.0
154 silly idealTree ├── repeat-element@1.1.2
154 silly idealTree ├── repeat-string@1.5.4
154 silly idealTree ├── repeating@1.1.3
154 silly idealTree ├── retry-as-promised@2.0.1
154 silly idealTree ├─┬ semver-diff@2.1.0
154 silly idealTree │ └── semver@5.1.1
154 silly idealTree ├── semver@4.3.2
154 silly idealTree ├── send@0.14.1
154 silly idealTree ├─┬ sequelize@3.23.4
154 silly idealTree │ └── semver@5.1.1
154 silly idealTree ├── serve-static@1.11.1
154 silly idealTree ├── set-immediate-shim@1.0.1
154 silly idealTree ├── setprototypeof@1.0.1
154 silly idealTree ├── shimmer@1.1.0
154 silly idealTree ├── slide@1.1.6
154 silly idealTree ├── source-map@0.1.34
154 silly idealTree ├── split@1.0.0
154 silly idealTree ├── statuses@1.3.0
154 silly idealTree ├── stream-combiner@0.0.4
154 silly idealTree ├── string_decoder@0.10.31
154 silly idealTree ├── string-length@1.0.1
154 silly idealTree ├── strip-ansi@3.0.1
154 silly idealTree ├── strip-json-comments@1.0.4
154 silly idealTree ├── supports-color@2.0.0
154 silly idealTree ├── swig@1.4.2
154 silly idealTree ├── terraformer-wkt-parser@1.1.0
154 silly idealTree ├── terraformer@1.0.5
154 silly idealTree ├── through@2.3.8
154 silly idealTree ├── timed-out@2.0.0
154 silly idealTree ├── toposort-class@1.0.1
154 silly idealTree ├── touch@1.0.0
154 silly idealTree ├── type-is@1.6.13
154 silly idealTree ├── uglify-js@2.4.24
154 silly idealTree ├── uglify-to-browserify@1.0.2
154 silly idealTree ├── undefsafe@0.0.3
154 silly idealTree ├── unpipe@1.0.0
154 silly idealTree ├── update-notifier@0.5.0
154 silly idealTree ├── util-deprecate@1.0.2
154 silly idealTree ├── utils-merge@1.0.0
154 silly idealTree ├── uuid@2.0.2
154 silly idealTree ├── validator@5.4.0
154 silly idealTree ├── vary@1.1.0
154 silly idealTree ├── window-size@0.1.0
154 silly idealTree ├── wkx@0.2.0
154 silly idealTree ├── wordwrap@0.0.3
154 silly idealTree ├── wrappy@1.0.2
154 silly idealTree ├── write-file-atomic@1.1.4
154 silly idealTree ├── xdg-basedir@2.0.0
154 silly idealTree ├── xtend@4.0.1
154 silly idealTree └─┬ yargs@3.5.4
154 silly idealTree   └── wordwrap@0.0.2
155 silly generateActionsToTake Starting
156 silly install generateActionsToTake
157 silly generateActionsToTake Finishing
158 silly diffTrees action count 4
159 silly diffTrees add bindings@1.2.1
160 silly diffTrees add libpq@1.8.3
161 silly diffTrees add pg-types@1.6.0
162 silly diffTrees add pg-native@1.10.0
163 silly decomposeActions action count 32
164 silly decomposeActions fetch bindings@1.2.1
165 silly decomposeActions extract bindings@1.2.1
166 silly decomposeActions preinstall bindings@1.2.1
167 silly decomposeActions build bindings@1.2.1
168 silly decomposeActions install bindings@1.2.1
169 silly decomposeActions postinstall bindings@1.2.1
170 silly decomposeActions test bindings@1.2.1
171 silly decomposeActions finalize bindings@1.2.1
172 silly decomposeActions fetch libpq@1.8.3
173 silly decomposeActions extract libpq@1.8.3
174 silly decomposeActions preinstall libpq@1.8.3
175 silly decomposeActions build libpq@1.8.3
176 silly decomposeActions install libpq@1.8.3
177 silly decomposeActions postinstall libpq@1.8.3
178 silly decomposeActions test libpq@1.8.3
179 silly decomposeActions finalize libpq@1.8.3
180 silly decomposeActions fetch pg-types@1.6.0
181 silly decomposeActions extract pg-types@1.6.0
182 silly decomposeActions preinstall pg-types@1.6.0
183 silly decomposeActions build pg-types@1.6.0
184 silly decomposeActions install pg-types@1.6.0
185 silly decomposeActions postinstall pg-types@1.6.0
186 silly decomposeActions test pg-types@1.6.0
187 silly decomposeActions finalize pg-types@1.6.0
188 silly decomposeActions fetch pg-native@1.10.0
189 silly decomposeActions extract pg-native@1.10.0
190 silly decomposeActions preinstall pg-native@1.10.0
191 silly decomposeActions build pg-native@1.10.0
192 silly decomposeActions install pg-native@1.10.0
193 silly decomposeActions postinstall pg-native@1.10.0
194 silly decomposeActions test pg-native@1.10.0
195 silly decomposeActions finalize pg-native@1.10.0
196 silly executeActions Starting
197 silly install executeActions
198 silly doSerial global-install 0
199 silly doParallel fetch 4
200 verbose lock using /Users/jonathanligh/.npm/_locks/staging-9e270eebe8b72479.lock for /Users/jonathanligh/TripPlanner/node_modules/.staging
201 silly doParallel extract 4
202 silly extract bindings
203 silly extract libpq
204 silly extract pg-types
205 silly extract pg-native
206 verbose unbuild node_modules/.staging/bindings-f55e0e65e8d86177d3d3f6315dccc8bc
207 verbose unbuild node_modules/.staging/libpq-9220317c065f5211e44de163d4f98fb3
208 verbose unbuild node_modules/.staging/pg-types-1d46412264c211709e6ea5d79a94e9cb
209 verbose unbuild node_modules/.staging/pg-native-f13d80a39095a5054f052eadd43d1575
210 silly gentlyRm /Users/jonathanligh/TripPlanner/node_modules/.staging/bindings-f55e0e65e8d86177d3d3f6315dccc8bc is being purged from base /Users/jonathanligh/TripPlanner
211 silly gentlyRm /Users/jonathanligh/TripPlanner/node_modules/.staging/libpq-9220317c065f5211e44de163d4f98fb3 is being purged from base /Users/jonathanligh/TripPlanner
212 silly gentlyRm /Users/jonathanligh/TripPlanner/node_modules/.staging/pg-types-1d46412264c211709e6ea5d79a94e9cb is being purged from base /Users/jonathanligh/TripPlanner
213 silly gentlyRm /Users/jonathanligh/TripPlanner/node_modules/.staging/pg-native-f13d80a39095a5054f052eadd43d1575 is being purged from base /Users/jonathanligh/TripPlanner
214 verbose gentlyRm don't care about contents; nuking /Users/jonathanligh/TripPlanner/node_modules/.staging/bindings-f55e0e65e8d86177d3d3f6315dccc8bc
215 verbose gentlyRm don't care about contents; nuking /Users/jonathanligh/TripPlanner/node_modules/.staging/libpq-9220317c065f5211e44de163d4f98fb3
216 verbose gentlyRm don't care about contents; nuking /Users/jonathanligh/TripPlanner/node_modules/.staging/pg-types-1d46412264c211709e6ea5d79a94e9cb
217 verbose gentlyRm don't care about contents; nuking /Users/jonathanligh/TripPlanner/node_modules/.staging/pg-native-f13d80a39095a5054f052eadd43d1575
218 verbose tar unpack /Users/jonathanligh/.npm/bindings/1.2.1/package.tgz
219 verbose tar unpacking to /Users/jonathanligh/TripPlanner/node_modules/.staging/bindings-f55e0e65e8d86177d3d3f6315dccc8bc
220 silly gentlyRm /Users/jonathanligh/TripPlanner/node_modules/.staging/bindings-f55e0e65e8d86177d3d3f6315dccc8bc is being purged
221 verbose tar unpack /Users/jonathanligh/.npm/libpq/1.8.3/package.tgz
222 verbose tar unpacking to /Users/jonathanligh/TripPlanner/node_modules/.staging/libpq-9220317c065f5211e44de163d4f98fb3
223 silly gentlyRm /Users/jonathanligh/TripPlanner/node_modules/.staging/libpq-9220317c065f5211e44de163d4f98fb3 is being purged
224 verbose tar unpack /Users/jonathanligh/.npm/pg-types/1.6.0/package.tgz
225 verbose tar unpacking to /Users/jonathanligh/TripPlanner/node_modules/.staging/pg-types-1d46412264c211709e6ea5d79a94e9cb
226 silly gentlyRm /Users/jonathanligh/TripPlanner/node_modules/.staging/pg-types-1d46412264c211709e6ea5d79a94e9cb is being purged
227 verbose tar unpack /Users/jonathanligh/.npm/pg-native/1.10.0/package.tgz
228 verbose tar unpacking to /Users/jonathanligh/TripPlanner/node_modules/.staging/pg-native-f13d80a39095a5054f052eadd43d1575
229 silly gentlyRm /Users/jonathanligh/TripPlanner/node_modules/.staging/pg-native-f13d80a39095a5054f052eadd43d1575 is being purged
230 verbose gentlyRm don't care about contents; nuking /Users/jonathanligh/TripPlanner/node_modules/.staging/bindings-f55e0e65e8d86177d3d3f6315dccc8bc
231 verbose gentlyRm don't care about contents; nuking /Users/jonathanligh/TripPlanner/node_modules/.staging/libpq-9220317c065f5211e44de163d4f98fb3
232 verbose gentlyRm don't care about contents; nuking /Users/jonathanligh/TripPlanner/node_modules/.staging/pg-types-1d46412264c211709e6ea5d79a94e9cb
233 verbose gentlyRm don't care about contents; nuking /Users/jonathanligh/TripPlanner/node_modules/.staging/pg-native-f13d80a39095a5054f052eadd43d1575
234 silly gunzTarPerm modes [ '755', '644' ]
235 silly gunzTarPerm modes [ '755', '644' ]
236 silly gunzTarPerm modes [ '755', '644' ]
237 silly gunzTarPerm modes [ '755', '644' ]
238 silly gunzTarPerm extractEntry package.json
239 silly gunzTarPerm extractEntry package.json
240 silly gunzTarPerm extractEntry package.json
241 silly gunzTarPerm extractEntry package.json
242 silly gunzTarPerm extractEntry README.md
243 silly gunzTarPerm extractEntry bindings.js
244 silly gunzTarPerm extractEntry .npmignore
245 silly gunzTarPerm extractEntry README.md
246 silly gunzTarPerm extractEntry .npmignore
247 silly gunzTarPerm extractEntry README.md
248 silly gunzTarPerm extractEntry .npmignore
249 silly gunzTarPerm extractEntry README.md
250 silly gunzTarPerm extractEntry index.js
251 silly gunzTarPerm extractEntry index.js
252 silly gunzTarPerm extractEntry .travis.yml
253 silly gunzTarPerm extractEntry index.js
254 silly gunzTarPerm extractEntry bench/index.js
255 silly gunzTarPerm extractEntry bench/leaks.js
256 silly gunzTarPerm extractEntry .travis.yml
257 silly gunzTarPerm extractEntry Makefile
258 silly gunzTarPerm extractEntry lib/copy-stream.js
259 silly gunzTarPerm extractEntry test/array-mode.js
260 silly gunzTarPerm extractEntry test/custom-types.js
261 silly gunzTarPerm extractEntry test/domains.js
262 silly gunzTarPerm extractEntry test/huge-query.js
263 silly gunzTarPerm extractEntry test/copy-to.js
264 silly gunzTarPerm extractEntry test/async-workflow.js
265 silly gunzTarPerm extractEntry test/many-connections.js
266 silly gunzTarPerm extractEntry test/many-errors.js
267 silly gunzTarPerm extractEntry test/query-sync.js
268 silly gunzTarPerm extractEntry test/multiple-queries.js
269 silly gunzTarPerm extractEntry test/copy-from.js
270 silly gunzTarPerm extractEntry test/notify.js
271 silly gunzTarPerm extractEntry test/connection.js
272 silly gunzTarPerm extractEntry test/prepare.js
273 silly gunzTarPerm extractEntry test/cancel.js
274 silly gunzTarPerm extractEntry test/query-async.js
275 silly gunzTarPerm extractEntry test/index.js
276 silly gunzTarPerm extractEntry test/version.js
277 silly gunzTarPerm extractEntry test/load.js
278 silly gunzTarPerm extractEntry test/mocha.opts
279 silly gunzTarPerm extractEntry Makefile
280 silly gunzTarPerm extractEntry lib/arrayParser.js
281 silly gunzTarPerm extractEntry binding.gyp
282 silly gunzTarPerm extractEntry .travis.yml
283 silly gunzTarPerm extractEntry Makefile
284 silly gunzTarPerm extractEntry src/addon.cc
285 silly gunzTarPerm extractEntry lib/binaryParsers.js
286 silly gunzTarPerm extractEntry lib/textParsers.js
287 silly gunzTarPerm extractEntry test/array.js
288 silly gunzTarPerm extractEntry test/assert.js
289 silly gunzTarPerm extractEntry test/dates.js
290 silly gunzTarPerm extractEntry test/index.js
291 silly gunzTarPerm extractEntry src/addon.h
292 silly gunzTarPerm extractEntry src/connect-async-worker.cc
293 silly gunzTarPerm extractEntry src/connect-async-worker.h
294 silly gunzTarPerm extractEntry src/connection.cc
295 silly gunzTarPerm extractEntry src/connection.h
296 silly gunzTarPerm extractEntry test/async-connection.js
297 silly gunzTarPerm extractEntry test/escaping.js
298 silly gunzTarPerm extractEntry test/helper.js
299 silly gunzTarPerm extractEntry test/index.js
300 silly gunzTarPerm extractEntry test/error-info.js
301 silly gunzTarPerm extractEntry test/async-socket.js
302 silly gunzTarPerm extractEntry test/sync-prepare.js
303 silly gunzTarPerm extractEntry test/multiple-queries.js
304 silly gunzTarPerm extractEntry test/non-blocking-controls.js
305 silly gunzTarPerm extractEntry test/notification.js
306 silly gunzTarPerm extractEntry test/error-conditions.js
307 silly gunzTarPerm extractEntry test/result-accessors.js
308 silly gunzTarPerm extractEntry test/copy-out.js
309 silly gunzTarPerm extractEntry test/server-version.js
310 silly gunzTarPerm extractEntry test/copy-in.js
311 silly gunzTarPerm extractEntry test/socket.js
312 silly gunzTarPerm extractEntry test/construction.js
313 silly gunzTarPerm extractEntry test/sync-integration.js
314 silly gunzTarPerm extractEntry test/cancel.js
315 silly gunzTarPerm extractEntry test/sync-parameters.js
316 silly gunzTarPerm extractEntry test/load.js
317 silly gunzTarPerm extractEntry test/sync.js
318 silly gunzTarPerm extractEntry test/many-connections.js
319 silly gunzTarPerm extractEntry test/mocha.opts
320 silly doParallel preinstall 4
321 silly preinstall bindings /Users/jonathanligh/TripPlanner/node_modules/.staging/bindings-f55e0e65e8d86177d3d3f6315dccc8bc
322 info lifecycle bindings@1.2.1~preinstall: bindings@1.2.1
323 silly preinstall libpq /Users/jonathanligh/TripPlanner/node_modules/.staging/libpq-9220317c065f5211e44de163d4f98fb3
324 info lifecycle libpq@1.8.3~preinstall: libpq@1.8.3
325 silly preinstall pg-types /Users/jonathanligh/TripPlanner/node_modules/.staging/pg-types-1d46412264c211709e6ea5d79a94e9cb
326 info lifecycle pg-types@1.6.0~preinstall: pg-types@1.6.0
327 silly preinstall pg-native /Users/jonathanligh/TripPlanner/node_modules/.staging/pg-native-f13d80a39095a5054f052eadd43d1575
328 info lifecycle pg-native@1.10.0~preinstall: pg-native@1.10.0
329 silly lifecycle bindings@1.2.1~preinstall: no script for preinstall, continuing
330 silly lifecycle libpq@1.8.3~preinstall: no script for preinstall, continuing
331 silly lifecycle pg-types@1.6.0~preinstall: no script for preinstall, continuing
332 silly lifecycle pg-native@1.10.0~preinstall: no script for preinstall, continuing
333 silly doReverseSerial remove 0
334 silly doSerial move 0
335 silly doSerial finalize 4
336 silly finalize /Users/jonathanligh/TripPlanner/node_modules/bindings
337 silly finalize /Users/jonathanligh/TripPlanner/node_modules/libpq
338 silly finalize /Users/jonathanligh/TripPlanner/node_modules/pg-native/node_modules/pg-types
339 silly finalize /Users/jonathanligh/TripPlanner/node_modules/pg-native
340 silly doSerial build 4
341 silly build bindings
342 info linkStuff bindings@1.2.1
343 silly linkStuff bindings@1.2.1 has /Users/jonathanligh/TripPlanner/node_modules as its parent node_modules
344 verbose linkBins bindings@1.2.1
345 verbose linkMans bindings@1.2.1
346 verbose rebuildBundles bindings@1.2.1
347 silly build libpq
348 info linkStuff libpq@1.8.3
349 silly linkStuff libpq@1.8.3 has /Users/jonathanligh/TripPlanner/node_modules as its parent node_modules
350 verbose linkBins libpq@1.8.3
351 verbose linkMans libpq@1.8.3
352 verbose rebuildBundles libpq@1.8.3
353 silly build pg-types
354 info linkStuff pg-types@1.6.0
355 silly linkStuff pg-types@1.6.0 has /Users/jonathanligh/TripPlanner/node_modules/pg-native/node_modules as its parent node_modules
356 verbose linkBins pg-types@1.6.0
357 verbose linkMans pg-types@1.6.0
358 verbose rebuildBundles pg-types@1.6.0
359 silly build pg-native
360 info linkStuff pg-native@1.10.0
361 silly linkStuff pg-native@1.10.0 has /Users/jonathanligh/TripPlanner/node_modules as its parent node_modules
362 verbose linkBins pg-native@1.10.0
363 verbose linkMans pg-native@1.10.0
364 verbose rebuildBundles pg-native@1.10.0
365 verbose rebuildBundles [ 'pg-types' ]
366 silly doSerial global-link 0
367 silly doParallel update-linked 0
368 silly doSerial install 4
369 silly install bindings /Users/jonathanligh/TripPlanner/node_modules/.staging/bindings-f55e0e65e8d86177d3d3f6315dccc8bc
370 info lifecycle bindings@1.2.1~install: bindings@1.2.1
371 silly lifecycle bindings@1.2.1~install: no script for install, continuing
372 silly install libpq /Users/jonathanligh/TripPlanner/node_modules/.staging/libpq-9220317c065f5211e44de163d4f98fb3
373 info lifecycle libpq@1.8.3~install: libpq@1.8.3
374 verbose lifecycle libpq@1.8.3~install: unsafe-perm in lifecycle true
375 verbose lifecycle libpq@1.8.3~install: PATH: /Users/jonathanligh/.nvm/versions/node/v5.0.0/lib/node_modules/npm/bin/node-gyp-bin:/Users/jonathanligh/TripPlanner/node_modules/libpq/node_modules/.bin:/Users/jonathanligh/TripPlanner/node_modules/.bin:/Users/jonathanligh/.nvm/versions/node/v5.0.0/bin:/usr/local/bin:/usr/bin:/bin:/usr/sbin:/sbin
376 verbose lifecycle libpq@1.8.3~install: CWD: /Users/jonathanligh/TripPlanner/node_modules/libpq
377 silly lifecycle libpq@1.8.3~install: Args: [ '-c', 'node-gyp rebuild' ]
378 silly lifecycle libpq@1.8.3~install: Returned: code: 1  signal: null
379 info lifecycle libpq@1.8.3~install: Failed to exec install script
380 verbose unlock done using /Users/jonathanligh/.npm/_locks/staging-9e270eebe8b72479.lock for /Users/jonathanligh/TripPlanner/node_modules/.staging
381 silly rollbackFailedOptional Starting
382 silly rollbackFailedOptional Finishing
383 silly runTopLevelLifecycles Starting
384 silly runTopLevelLifecycles Finishing
385 silly install printInstalled
386 warn EPACKAGEJSON trip@1.0.0 No description
387 warn EPACKAGEJSON trip@1.0.0 No repository field.
388 verbose stack Error: libpq@1.8.3 install: `node-gyp rebuild`
388 verbose stack Exit status 1
388 verbose stack     at EventEmitter.<anonymous> (/Users/jonathanligh/.nvm/versions/node/v5.0.0/lib/node_modules/npm/lib/utils/lifecycle.js:233:16)
388 verbose stack     at emitTwo (events.js:87:13)
388 verbose stack     at EventEmitter.emit (events.js:172:7)
388 verbose stack     at ChildProcess.<anonymous> (/Users/jonathanligh/.nvm/versions/node/v5.0.0/lib/node_modules/npm/lib/utils/spawn.js:24:14)
388 verbose stack     at emitTwo (events.js:87:13)
388 verbose stack     at ChildProcess.emit (events.js:172:7)
388 verbose stack     at maybeClose (internal/child_process.js:818:16)
388 verbose stack     at Process.ChildProcess._handle.onexit (internal/child_process.js:211:5)
389 verbose pkgid libpq@1.8.3
390 verbose cwd /Users/jonathanligh/TripPlanner
391 error Darwin 15.5.0
392 error argv "/Users/jonathanligh/.nvm/versions/node/v5.0.0/bin/node" "/Users/jonathanligh/.nvm/versions/node/v5.0.0/bin/npm" "install"
393 error node v5.0.0
394 error npm  v3.3.6
395 error code ELIFECYCLE
396 error libpq@1.8.3 install: `node-gyp rebuild`
396 error Exit status 1
397 error Failed at the libpq@1.8.3 install script 'node-gyp rebuild'.
397 error This is most likely a problem with the libpq package,
397 error not with npm itself.
397 error Tell the author that this fails on your system:
397 error     node-gyp rebuild
397 error You can get their info via:
397 error     npm owner ls libpq
397 error There is likely additional logging output above.
398 verbose exit [ 1, true ]
